#
# There is insufficient memory for the Java Runtime Environment to continue.
# Native memory allocation (malloc) failed to allocate 1071216 bytes for Chunk::new
# Possible reasons:
#   The system is out of physical RAM or swap space
#   In 32 bit mode, the process size limit was hit
# Possible solutions:
#   Reduce memory load on the system
#   Increase physical memory or swap space
#   Check if swap backing store is full
#   Use 64 bit Java on a 64 bit OS
#   Decrease Java heap size (-Xmx/-Xms)
#   Decrease number of Java threads
#   Decrease Java thread stack sizes (-Xss)
#   Set larger code cache with -XX:ReservedCodeCacheSize=
# This output file may be truncated or incomplete.
#
#  Out of Memory Error (allocation.cpp:390), pid=11592, tid=0x0000000000003670
#
# JRE version: Java(TM) SE Runtime Environment (8.0_181-b13) (build 1.8.0_181-b13)
# Java VM: Java HotSpot(TM) 64-Bit Server VM (25.181-b13 mixed mode windows-amd64 compressed oops)
# Failed to write core dump. Minidumps are not enabled by default on client versions of Windows
#

---------------  T H R E A D  ---------------

Current thread (0x0000000017000000):  JavaThread "C2 CompilerThread1" daemon [_thread_in_native, id=13936, stack(0x00000000176a0000,0x00000000177a0000)]

Stack: [0x00000000176a0000,0x00000000177a0000]
[error occurred during error reporting (printing stack bounds), id 0xc0000005]

Native frames: (J=compiled Java code, j=interpreted, Vv=VM code, C=native code)


Current CompileTask:
C2:   3209 2180       4       java.net.URLClassLoader$1::run (5 bytes)


---------------  P R O C E S S  ---------------

Java Threads: ( => current thread )
  0x0000000017038800 JavaThread "Service Thread" daemon [_thread_blocked, id=2264, stack(0x00000000178a0000,0x00000000179a0000)]
  0x0000000017003000 JavaThread "C1 CompilerThread2" daemon [_thread_blocked, id=12940, stack(0x00000000177a0000,0x00000000178a0000)]
=>0x0000000017000000 JavaThread "C2 CompilerThread1" daemon [_thread_in_native, id=13936, stack(0x00000000176a0000,0x00000000177a0000)]
  0x0000000016fa3000 JavaThread "C2 CompilerThread0" daemon [_thread_in_native, id=13340, stack(0x00000000175a0000,0x00000000176a0000)]
  0x0000000015cae800 JavaThread "Attach Listener" daemon [_thread_blocked, id=7468, stack(0x00000000174a0000,0x00000000175a0000)]
  0x0000000016fa2800 JavaThread "Signal Dispatcher" daemon [_thread_blocked, id=13744, stack(0x00000000173a0000,0x00000000174a0000)]
  0x0000000015c3e800 JavaThread "Finalizer" daemon [_thread_blocked, id=4120, stack(0x0000000016ea0000,0x0000000016fa0000)]
  0x0000000003646000 JavaThread "Reference Handler" daemon [_thread_blocked, id=7568, stack(0x0000000016da0000,0x0000000016ea0000)]
  0x0000000003555800 JavaThread "main" [_thread_in_vm, id=9300, stack(0x0000000003450000,0x0000000003550000)]

Other Threads:
  0x0000000015c17800 VMThread [stack: 0x0000000016ca0000,0x0000000016da0000] [id=12072]
  0x000000001703a000 WatcherThread [stack: 0x00000000179a0000,0x0000000017aa0000] [id=7036]

VM state:not at safepoint (normal execution)

VM Mutex/Monitor currently owned by a thread:  ([mutex/lock_event])
[0x0000000003552dd0] SymbolTable_lock - owner thread: 0x0000000003555800

Heap:
 PSYoungGen      total 35328K, used 5598K [0x00000000eb200000, 0x00000000ed700000, 0x0000000100000000)
  eden space 32768K, 9% used [0x00000000eb200000,0x00000000eb4fab00,0x00000000ed200000)
  from space 2560K, 99% used [0x00000000ed200000,0x00000000ed47d040,0x00000000ed480000)
  to   space 2560K, 0% used [0x00000000ed480000,0x00000000ed480000,0x00000000ed700000)
 ParOldGen       total 37376K, used 11866K [0x00000000c1600000, 0x00000000c3a80000, 0x00000000eb200000)
  object space 37376K, 31% used [0x00000000c1600000,0x00000000c2196950,0x00000000c3a80000)
 Metaspace       used 25771K, capacity 26660K, committed 26800K, reserved 1073152K
  class space    used 3446K, capacity 3658K, committed 3760K, reserved 1048576K

Card table byte_map: [0x0000000012a10000,0x0000000012c10000] byte_map_base: 0x0000000012405000

Marking Bits: (ParMarkBitMap*) 0x0000000058272d00
 Begin Bits: [0x0000000013160000, 0x0000000014108000)
 End Bits:   [0x0000000014108000, 0x00000000150b0000)

Polling page: 0x0000000001760000

CodeCache: size=245760Kb used=7852Kb max_used=7852Kb free=237907Kb
 bounds [0x0000000003650000, 0x0000000003e00000, 0x0000000012650000]
 total_blobs=2619 nmethods=2230 adapters=301
 compilation: enabled

Compilation events (10 events):
Event: 3.192 Thread 0x0000000017003000 2230       1       org.springframework.beans.factory.support.AbstractBeanDefinition::getFactoryMethodName (5 bytes)
Event: 3.192 Thread 0x0000000017003000 nmethod 2230 0x0000000003dfc4d0 code [0x0000000003dfc620, 0x0000000003dfc730]
Event: 3.193 Thread 0x0000000017003000 2231       3       sun.reflect.DelegatingConstructorAccessorImpl::setDelegate (6 bytes)
Event: 3.193 Thread 0x0000000017003000 nmethod 2231 0x0000000003dfc790 code [0x0000000003dfc8e0, 0x0000000003dfca50]
Event: 3.193 Thread 0x0000000017003000 2232       3       java.util.Collections$SetFromMap::contains (11 bytes)
Event: 3.194 Thread 0x0000000017003000 nmethod 2232 0x0000000003dfcad0 code [0x0000000003dfcc40, 0x0000000003dfce68]
Event: 3.196 Thread 0x0000000017003000 2233       3       org.springframework.beans.factory.support.AbstractBeanFactory::getMergedLocalBeanDefinition (31 bytes)
Event: 3.196 Thread 0x0000000017003000 nmethod 2233 0x0000000003dfcf10 code [0x0000000003dfd0a0, 0x0000000003dfd668]
Event: 3.202 Thread 0x0000000017003000 2234       3       sun.reflect.generics.repository.GenericDeclRepository::getTypeParameters (80 bytes)
Event: 3.204 Thread 0x0000000017003000 nmethod 2234 0x0000000003dfd7d0 code [0x0000000003dfda00, 0x0000000003dfe8c8]

GC Heap History (10 events):
Event: 2.064 GC heap before
{Heap before GC invocations=6 (full 0):
 PSYoungGen      total 35328K, used 34378K [0x00000000eb200000, 0x00000000ed700000, 0x0000000100000000)
  eden space 32768K, 97% used [0x00000000eb200000,0x00000000ed1146e0,0x00000000ed200000)
  from space 2560K, 99% used [0x00000000ed200000,0x00000000ed47e2d0,0x00000000ed480000)
  to   space 2560K, 0% used [0x00000000ed480000,0x00000000ed480000,0x00000000ed700000)
 ParOldGen       total 44032K, used 9397K [0x00000000c1600000, 0x00000000c4100000, 0x00000000eb200000)
  object space 44032K, 21% used [0x00000000c1600000,0x00000000c1f2d510,0x00000000c4100000)
 Metaspace       used 20704K, capacity 21260K, committed 21296K, reserved 1067008K
  class space    used 2707K, capacity 2848K, committed 2864K, reserved 1048576K
Event: 2.074 GC heap after
Heap after GC invocations=6 (full 0):
 PSYoungGen      total 35328K, used 2552K [0x00000000eb200000, 0x00000000ed700000, 0x0000000100000000)
  eden space 32768K, 0% used [0x00000000eb200000,0x00000000eb200000,0x00000000ed200000)
  from space 2560K, 99% used [0x00000000ed480000,0x00000000ed6fe2d0,0x00000000ed700000)
  to   space 2560K, 0% used [0x00000000ed200000,0x00000000ed200000,0x00000000ed480000)
 ParOldGen       total 44032K, used 13660K [0x00000000c1600000, 0x00000000c4100000, 0x00000000eb200000)
  object space 44032K, 31% used [0x00000000c1600000,0x00000000c2357310,0x00000000c4100000)
 Metaspace       used 20704K, capacity 21260K, committed 21296K, reserved 1067008K
  class space    used 2707K, capacity 2848K, committed 2864K, reserved 1048576K
}
Event: 2.074 GC heap before
{Heap before GC invocations=7 (full 1):
 PSYoungGen      total 35328K, used 2552K [0x00000000eb200000, 0x00000000ed700000, 0x0000000100000000)
  eden space 32768K, 0% used [0x00000000eb200000,0x00000000eb200000,0x00000000ed200000)
  from space 2560K, 99% used [0x00000000ed480000,0x00000000ed6fe2d0,0x00000000ed700000)
  to   space 2560K, 0% used [0x00000000ed200000,0x00000000ed200000,0x00000000ed480000)
 ParOldGen       total 44032K, used 13660K [0x00000000c1600000, 0x00000000c4100000, 0x00000000eb200000)
  object space 44032K, 31% used [0x00000000c1600000,0x00000000c2357310,0x00000000c4100000)
 Metaspace       used 20704K, capacity 21260K, committed 21296K, reserved 1067008K
  class space    used 2707K, capacity 2848K, committed 2864K, reserved 1048576K
Event: 2.124 GC heap after
Heap after GC invocations=7 (full 1):
 PSYoungGen      total 35328K, used 0K [0x00000000eb200000, 0x00000000ed700000, 0x0000000100000000)
  eden space 32768K, 0% used [0x00000000eb200000,0x00000000eb200000,0x00000000ed200000)
  from space 2560K, 0% used [0x00000000ed480000,0x00000000ed480000,0x00000000ed700000)
  to   space 2560K, 0% used [0x00000000ed200000,0x00000000ed200000,0x00000000ed480000)
 ParOldGen       total 37376K, used 8226K [0x00000000c1600000, 0x00000000c3a80000, 0x00000000eb200000)
  object space 37376K, 22% used [0x00000000c1600000,0x00000000c1e08ae0,0x00000000c3a80000)
 Metaspace       used 20704K, capacity 21260K, committed 21296K, reserved 1067008K
  class space    used 2707K, capacity 2848K, committed 2864K, reserved 1048576K
}
Event: 2.579 GC heap before
{Heap before GC invocations=8 (full 1):
 PSYoungGen      total 35328K, used 32768K [0x00000000eb200000, 0x00000000ed700000, 0x0000000100000000)
  eden space 32768K, 100% used [0x00000000eb200000,0x00000000ed200000,0x00000000ed200000)
  from space 2560K, 0% used [0x00000000ed480000,0x00000000ed480000,0x00000000ed700000)
  to   space 2560K, 0% used [0x00000000ed200000,0x00000000ed200000,0x00000000ed480000)
 ParOldGen       total 37376K, used 8226K [0x00000000c1600000, 0x00000000c3a80000, 0x00000000eb200000)
  object space 37376K, 22% used [0x00000000c1600000,0x00000000c1e08ae0,0x00000000c3a80000)
 Metaspace       used 22916K, capacity 23532K, committed 23600K, reserved 1069056K
  class space    used 2942K, capacity 3110K, committed 3120K, reserved 1048576K
Event: 2.583 GC heap after
Heap after GC invocations=8 (full 1):
 PSYoungGen      total 35328K, used 2557K [0x00000000eb200000, 0x00000000ed700000, 0x0000000100000000)
  eden space 32768K, 0% used [0x00000000eb200000,0x00000000eb200000,0x00000000ed200000)
  from space 2560K, 99% used [0x00000000ed200000,0x00000000ed47f7b0,0x00000000ed480000)
  to   space 2560K, 0% used [0x00000000ed480000,0x00000000ed480000,0x00000000ed700000)
 ParOldGen       total 37376K, used 9091K [0x00000000c1600000, 0x00000000c3a80000, 0x00000000eb200000)
  object space 37376K, 24% used [0x00000000c1600000,0x00000000c1ee0e50,0x00000000c3a80000)
 Metaspace       used 22916K, capacity 23532K, committed 23600K, reserved 1069056K
  class space    used 2942K, capacity 3110K, committed 3120K, reserved 1048576K
}
Event: 2.601 GC heap before
{Heap before GC invocations=9 (full 1):
 PSYoungGen      total 35328K, used 35292K [0x00000000eb200000, 0x00000000ed700000, 0x0000000100000000)
  eden space 32768K, 99% used [0x00000000eb200000,0x00000000ed1f7868,0x00000000ed200000)
  from space 2560K, 99% used [0x00000000ed200000,0x00000000ed47f7b0,0x00000000ed480000)
  to   space 2560K, 0% used [0x00000000ed480000,0x00000000ed480000,0x00000000ed700000)
 ParOldGen       total 37376K, used 9091K [0x00000000c1600000, 0x00000000c3a80000, 0x00000000eb200000)
  object space 37376K, 24% used [0x00000000c1600000,0x00000000c1ee0e50,0x00000000c3a80000)
 Metaspace       used 23149K, capacity 23756K, committed 23984K, reserved 1071104K
  class space    used 2973K, capacity 3142K, committed 3248K, reserved 1048576K
Event: 2.604 GC heap after
Heap after GC invocations=9 (full 1):
 PSYoungGen      total 35328K, used 1845K [0x00000000eb200000, 0x00000000ed700000, 0x0000000100000000)
  eden space 32768K, 0% used [0x00000000eb200000,0x00000000eb200000,0x00000000ed200000)
  from space 2560K, 72% used [0x00000000ed480000,0x00000000ed64d610,0x00000000ed700000)
  to   space 2560K, 0% used [0x00000000ed200000,0x00000000ed200000,0x00000000ed480000)
 ParOldGen       total 37376K, used 9099K [0x00000000c1600000, 0x00000000c3a80000, 0x00000000eb200000)
  object space 37376K, 24% used [0x00000000c1600000,0x00000000c1ee2e50,0x00000000c3a80000)
 Metaspace       used 23149K, capacity 23756K, committed 23984K, reserved 1071104K
  class space    used 2973K, capacity 3142K, committed 3248K, reserved 1048576K
}
Event: 3.110 GC heap before
{Heap before GC invocations=10 (full 1):
 PSYoungGen      total 35328K, used 34613K [0x00000000eb200000, 0x00000000ed700000, 0x0000000100000000)
  eden space 32768K, 100% used [0x00000000eb200000,0x00000000ed200000,0x00000000ed200000)
  from space 2560K, 72% used [0x00000000ed480000,0x00000000ed64d610,0x00000000ed700000)
  to   space 2560K, 0% used [0x00000000ed200000,0x00000000ed200000,0x00000000ed480000)
 ParOldGen       total 37376K, used 9099K [0x00000000c1600000, 0x00000000c3a80000, 0x00000000eb200000)
  object space 37376K, 24% used [0x00000000c1600000,0x00000000c1ee2e50,0x00000000c3a80000)
 Metaspace       used 25484K, capacity 26298K, committed 26416K, reserved 1073152K
  class space    used 3398K, capacity 3597K, committed 3632K, reserved 1048576K
Event: 3.122 GC heap after
Heap after GC invocations=10 (full 1):
 PSYoungGen      total 35328K, used 2548K [0x00000000eb200000, 0x00000000ed700000, 0x0000000100000000)
  eden space 32768K, 0% used [0x00000000eb200000,0x00000000eb200000,0x00000000ed200000)
  from space 2560K, 99% used [0x00000000ed200000,0x00000000ed47d040,0x00000000ed480000)
  to   space 2560K, 0% used [0x00000000ed480000,0x00000000ed480000,0x00000000ed700000)
 ParOldGen       total 37376K, used 11866K [0x00000000c1600000, 0x00000000c3a80000, 0x00000000eb200000)
  object space 37376K, 31% used [0x00000000c1600000,0x00000000c2196950,0x00000000c3a80000)
 Metaspace       used 25484K, capacity 26298K, committed 26416K, reserved 1073152K
  class space    used 3398K, capacity 3597K, committed 3632K, reserved 1048576K
}

Deoptimization events (10 events):
Event: 1.482 Thread 0x0000000017ea1000 Uncommon trap: reason=class_check action=maybe_recompile pc=0x00000000039d2b50 method=java.util.HashMap.putVal(ILjava/lang/Object;Ljava/lang/Object;ZZ)Ljava/lang/Object; @ 203
Event: 1.487 Thread 0x0000000017ea1000 Uncommon trap: reason=class_check action=maybe_recompile pc=0x00000000039d2b50 method=java.util.HashMap.putVal(ILjava/lang/Object;Ljava/lang/Object;ZZ)Ljava/lang/Object; @ 203
Event: 1.574 Thread 0x0000000017ea1000 Uncommon trap: reason=unstable_if action=reinterpret pc=0x0000000003a14f78 method=java.util.jar.Manifest$FastInputStream.readLine([BII)I @ 87
Event: 2.207 Thread 0x0000000003555800 Uncommon trap: reason=unstable_if action=reinterpret pc=0x00000000039d1a0c method=java.util.HashMap.putVal(ILjava/lang/Object;Ljava/lang/Object;ZZ)Ljava/lang/Object; @ 236
Event: 2.451 Thread 0x0000000017ea1000 Uncommon trap: reason=unstable_if action=reinterpret pc=0x0000000003c67b0c method=org.apache.xerces.impl.XMLEntityScanner.scanLiteral(ILorg/apache/xerces/xni/XMLString;)I @ 43
Event: 2.528 Thread 0x0000000017ea1000 Uncommon trap: reason=unstable_if action=reinterpret pc=0x0000000003caf0e8 method=org.apache.xerces.impl.XMLEntityScanner.skipSpaces()Z @ 110
Event: 2.551 Thread 0x0000000017ea1000 Uncommon trap: reason=unstable_if action=reinterpret pc=0x0000000003cd97ec method=org.apache.xerces.util.SymbolTable.addSymbol([CII)Ljava/lang/String; @ 33
Event: 2.866 Thread 0x0000000003555800 Uncommon trap: reason=class_check action=maybe_recompile pc=0x0000000003d94740 method=org.springframework.util.ConcurrentReferenceHashMap$Segment.findInChain(Lorg/springframework/util/ConcurrentReferenceHashMap$Reference;Ljava/lang/Object;I)Lorg/springfra
Event: 2.869 Thread 0x0000000003555800 Uncommon trap: reason=class_check action=maybe_recompile pc=0x0000000003d9f4ec method=org.springframework.util.ConcurrentReferenceHashMap$Segment.findInChain(Lorg/springframework/util/ConcurrentReferenceHashMap$Reference;Ljava/lang/Object;I)Lorg/springfra
Event: 2.883 Thread 0x0000000003555800 Uncommon trap: reason=unstable_if action=reinterpret pc=0x0000000003d480c0 method=sun.misc.Launcher$AppClassLoader.loadClass(Ljava/lang/String;Z)Ljava/lang/Class; @ 9

Classes redefined (0 events):
No events

Internal exceptions (10 events):
Event: 1.748 Thread 0x0000000003555800 Exception <a 'java/lang/ClassNotFoundException': org/springframework/context/ResourceLoaderAwareCustomizer> (0x00000000ed1ace58) thrown at [C:\re\workspace\8-2-build-windows-amd64-cygwin\jdk8u181\11358\hotspot\src\share\vm\classfile\systemDictionary.cpp, 
Event: 1.749 Thread 0x0000000003555800 Exception <a 'java/lang/ClassNotFoundException': org/springframework/beans/factory/AwareCustomizer> (0x00000000ed1c2cc8) thrown at [C:\re\workspace\8-2-build-windows-amd64-cygwin\jdk8u181\11358\hotspot\src\share\vm\classfile\systemDictionary.cpp, line 210
Event: 1.757 Thread 0x0000000003555800 Exception <a 'java/lang/ClassNotFoundException': org/springframework/beans/factory/BeanClassLoaderAwareCustomizer> (0x00000000eb20aa10) thrown at [C:\re\workspace\8-2-build-windows-amd64-cygwin\jdk8u181\11358\hotspot\src\share\vm\classfile\systemDictionar
Event: 1.757 Thread 0x0000000003555800 Exception <a 'java/lang/ClassNotFoundException': org/springframework/beans/factory/AwareCustomizer> (0x00000000eb220898) thrown at [C:\re\workspace\8-2-build-windows-amd64-cygwin\jdk8u181\11358\hotspot\src\share\vm\classfile\systemDictionary.cpp, line 210
Event: 1.758 Thread 0x0000000003555800 Exception <a 'java/lang/ClassNotFoundException': org/springframework/context/EnvironmentAwareCustomizer> (0x00000000eb236c58) thrown at [C:\re\workspace\8-2-build-windows-amd64-cygwin\jdk8u181\11358\hotspot\src\share\vm\classfile\systemDictionary.cpp, lin
Event: 1.758 Thread 0x0000000003555800 Exception <a 'java/lang/ClassNotFoundException': org/springframework/beans/factory/AwareCustomizer> (0x00000000eb24c9c0) thrown at [C:\re\workspace\8-2-build-windows-amd64-cygwin\jdk8u181\11358\hotspot\src\share\vm\classfile\systemDictionary.cpp, line 210
Event: 1.791 Thread 0x0000000003555800 Exception <a 'java/lang/NoSuchMethodError': java.lang.Object.lambda$comparing$77a9974f$1(Ljava/util/function/Function;Ljava/lang/Object;Ljava/lang/Object;)I> (0x00000000eb73ae70) thrown at [C:\re\workspace\8-2-build-windows-amd64-cygwin\jdk8u181\11358\hot
Event: 1.946 Thread 0x0000000017ea1000 Exception <a 'java/lang/IncompatibleClassChangeError': Found class java.lang.Object, but interface was expected> (0x00000000ec42c728) thrown at [C:\re\workspace\8-2-build-windows-amd64-cygwin\jdk8u181\11358\hotspot\src\share\vm\interpreter\linkResolver.cp
Event: 2.208 Thread 0x0000000003555800 Exception <a 'java/lang/IncompatibleClassChangeError': Found class java.lang.Object, but interface was expected> (0x00000000ebeade58) thrown at [C:\re\workspace\8-2-build-windows-amd64-cygwin\jdk8u181\11358\hotspot\src\share\vm\interpreter\linkResolver.cp
Event: 3.134 Thread 0x0000000003555800 Exception <a 'java/lang/NoSuchMethodError': java.lang.Object.lambda$andThen$1(Ljava/util/function/Function;Ljava/lang/Object;)Ljava/lang/Object;> (0x00000000eb26a6d0) thrown at [C:\re\workspace\8-2-build-windows-amd64-cygwin\jdk8u181\11358\hotspot\src\sha

Events (10 events):
Event: 3.191 loading class org/springframework/transaction/event/TransactionalEventListenerFactory
Event: 3.191 loading class org/springframework/transaction/event/TransactionalEventListenerFactory done
Event: 3.194 loading class org/springframework/boot/orm/jpa/EntityManagerFactoryBuilder
Event: 3.194 loading class org/springframework/boot/orm/jpa/EntityManagerFactoryBuilder done
Event: 3.197 loading class org/springframework/data/jpa/mapping/JpaMetamodelMappingContext
Event: 3.197 loading class org/springframework/data/jpa/mapping/JpaMetamodelMappingContext done
Event: 3.197 loading class org/springframework/data/mapping/context/AbstractMappingContext
Event: 3.197 loading class org/springframework/data/mapping/context/AbstractMappingContext done
Event: 3.200 loading class org/springframework/data/mapping/context/MappingContext
Event: 3.200 loading class org/springframework/data/mapping/context/MappingContext done


Dynamic libraries:
0x00007ff6bcd40000 - 0x00007ff6bcd77000 	C:\Program Files\Java\jre1.8.0_181\bin\javaw.exe
0x00007ffb3e0b0000 - 0x00007ffb3e291000 	C:\Windows\SYSTEM32\ntdll.dll
0x00007ffb3b7d0000 - 0x00007ffb3b882000 	C:\Windows\System32\KERNEL32.DLL
0x00007ffb3a5e0000 - 0x00007ffb3a853000 	C:\Windows\System32\KERNELBASE.dll
0x00007ffb3dfc0000 - 0x00007ffb3e061000 	C:\Windows\System32\ADVAPI32.dll
0x00007ffb3d520000 - 0x00007ffb3d5be000 	C:\Windows\System32\msvcrt.dll
0x00007ffb3d190000 - 0x00007ffb3d1eb000 	C:\Windows\System32\sechost.dll
0x00007ffb3cfb0000 - 0x00007ffb3d0d4000 	C:\Windows\System32\RPCRT4.dll
0x00007ffb3b570000 - 0x00007ffb3b700000 	C:\Windows\System32\USER32.dll
0x00007ffb3a450000 - 0x00007ffb3a470000 	C:\Windows\System32\win32u.dll
0x00007ffb3df90000 - 0x00007ffb3dfb8000 	C:\Windows\System32\GDI32.dll
0x00007ffb3a860000 - 0x00007ffb3a9f2000 	C:\Windows\System32\gdi32full.dll
0x00007ffb3a540000 - 0x00007ffb3a5df000 	C:\Windows\System32\msvcp_win.dll
0x00007ffb3aa00000 - 0x00007ffb3aafa000 	C:\Windows\System32\ucrtbase.dll
0x00007ffb2c050000 - 0x00007ffb2c2b9000 	C:\Windows\WinSxS\amd64_microsoft.windows.common-controls_6595b64144ccf1df_6.0.17134.345_none_fb429a5930656358\COMCTL32.dll
0x00007ffb3d1f0000 - 0x00007ffb3d513000 	C:\Windows\System32\combase.dll
0x00007ffb3a4c0000 - 0x00007ffb3a53a000 	C:\Windows\System32\bcryptPrimitives.dll
0x00007ffb3d5c0000 - 0x00007ffb3d5ed000 	C:\Windows\System32\IMM32.DLL
0x0000000059070000 - 0x0000000059142000 	C:\Program Files\Java\jre1.8.0_181\bin\msvcr100.dll
0x0000000057a50000 - 0x00000000582f2000 	C:\Program Files\Java\jre1.8.0_181\bin\server\jvm.dll
0x00007ffb3e070000 - 0x00007ffb3e078000 	C:\Windows\System32\PSAPI.DLL
0x00007ffb253d0000 - 0x00007ffb253d9000 	C:\Windows\SYSTEM32\WSOCK32.dll
0x00007ffb3d610000 - 0x00007ffb3d67c000 	C:\Windows\System32\WS2_32.dll
0x00007ffb386c0000 - 0x00007ffb386e3000 	C:\Windows\SYSTEM32\WINMM.dll
0x00007ffb30490000 - 0x00007ffb3049a000 	C:\Windows\SYSTEM32\VERSION.dll
0x00007ffb38690000 - 0x00007ffb386ba000 	C:\Windows\SYSTEM32\WINMMBASE.dll
0x00007ffb3a470000 - 0x00007ffb3a4b9000 	C:\Windows\System32\cfgmgr32.dll
0x0000000059060000 - 0x000000005906f000 	C:\Program Files\Java\jre1.8.0_181\bin\verify.dll
0x0000000059030000 - 0x0000000059059000 	C:\Program Files\Java\jre1.8.0_181\bin\java.dll
0x0000000059010000 - 0x0000000059026000 	C:\Program Files\Java\jre1.8.0_181\bin\zip.dll
0x00007ffb3ba10000 - 0x00007ffb3ce4f000 	C:\Windows\System32\SHELL32.dll
0x00007ffb3d0e0000 - 0x00007ffb3d189000 	C:\Windows\System32\shcore.dll
0x00007ffb3ab00000 - 0x00007ffb3b20d000 	C:\Windows\System32\windows.storage.dll
0x00007ffb3d820000 - 0x00007ffb3d871000 	C:\Windows\System32\shlwapi.dll
0x00007ffb3a410000 - 0x00007ffb3a421000 	C:\Windows\System32\kernel.appcore.dll
0x00007ffb3a3f0000 - 0x00007ffb3a40f000 	C:\Windows\System32\profapi.dll
0x00007ffb3a3a0000 - 0x00007ffb3a3ec000 	C:\Windows\System32\powrprof.dll
0x00007ffb3a390000 - 0x00007ffb3a39a000 	C:\Windows\System32\FLTLIB.DLL
0x0000000059000000 - 0x000000005900d000 	C:\Program Files\Java\jre1.8.0_181\bin\management.dll
0x0000000058fe0000 - 0x0000000058ffa000 	C:\Program Files\Java\jre1.8.0_181\bin\net.dll
0x00007ffb39b90000 - 0x00007ffb39bf6000 	C:\Windows\system32\mswsock.dll
0x00007ffb23010000 - 0x00007ffb23026000 	C:\Windows\system32\napinsp.dll
0x00007ffb22ff0000 - 0x00007ffb2300a000 	C:\Windows\system32\pnrpnsp.dll
0x00007ffb37b30000 - 0x00007ffb37b49000 	C:\Windows\system32\NLAapi.dll
0x00007ffb39950000 - 0x00007ffb39a0e000 	C:\Windows\SYSTEM32\DNSAPI.dll
0x00007ffb3d5f0000 - 0x00007ffb3d5f8000 	C:\Windows\System32\NSI.dll
0x00007ffb39910000 - 0x00007ffb39948000 	C:\Windows\SYSTEM32\IPHLPAPI.DLL
0x00007ffb22fe0000 - 0x00007ffb22fee000 	C:\Windows\System32\winrnr.dll
0x00007ffb323c0000 - 0x00007ffb323d5000 	C:\Windows\System32\wshbth.dll
0x00007ffb2bd20000 - 0x00007ffb2bd2a000 	C:\Windows\System32\rasadhlp.dll
0x00007ffb2d080000 - 0x00007ffb2d0f2000 	C:\Windows\System32\fwpuclnt.dll
0x00007ffb39e70000 - 0x00007ffb39e95000 	C:\Windows\SYSTEM32\bcrypt.dll
0x0000000058fc0000 - 0x0000000058fd1000 	C:\Program Files\Java\jre1.8.0_181\bin\nio.dll

VM Arguments:
jvm_args: -Dfile.encoding=UTF-8 
java_command: edu.bjtu.ee4j.SpringMvcCrudApplication
java_class_path (initial): F:\Users\Lenovo\workspace\GYM_CLUB\target\classes;F:\Maven\repository\org\springframework\boot\spring-boot-starter-data-jpa\2.1.3.RELEASE\spring-boot-starter-data-jpa-2.1.3.RELEASE.jar;F:\Maven\repository\org\springframework\boot\spring-boot-starter-aop\2.1.3.RELEASE\spring-boot-starter-aop-2.1.3.RELEASE.jar;F:\Maven\repository\org\springframework\spring-aop\5.1.5.RELEASE\spring-aop-5.1.5.RELEASE.jar;F:\Maven\repository\org\aspectj\aspectjweaver\1.9.2\aspectjweaver-1.9.2.jar;F:\Maven\repository\org\springframework\boot\spring-boot-starter-jdbc\2.1.3.RELEASE\spring-boot-starter-jdbc-2.1.3.RELEASE.jar;F:\Maven\repository\com\zaxxer\HikariCP\3.2.0\HikariCP-3.2.0.jar;F:\Maven\repository\org\springframework\spring-jdbc\5.1.5.RELEASE\spring-jdbc-5.1.5.RELEASE.jar;F:\Maven\repository\javax\transaction\javax.transaction-api\1.3\javax.transaction-api-1.3.jar;F:\Maven\repository\javax\xml\bind\jaxb-api\2.3.1\jaxb-api-2.3.1.jar;F:\Maven\repository\javax\activation\javax.activation-api\1.2.0\javax.activation-api-1.2.0.jar;F:\Maven\repository\org\hibernate\hibernate-core\5.3.7.Final\hibernate-core-5.3.7.Final.jar;F:\Maven\repository\javax\persistence\javax.persistence-api\2.2\javax.persistence-api-2.2.jar;F:\Maven\repository\net\bytebuddy\byte-buddy\1.9.10\byte-buddy-1.9.10.jar;F:\Maven\repository\antlr\antlr\2.7.7\antlr-2.7.7.jar;F:\Maven\repository\org\jboss\jandex\2.0.5.Final\jandex-2.0.5.Final.jar;F:\Maven\repository\com\fasterxml\classmate\1.4.0\classmate-1.4.0.jar;F:\Maven\repository\org\dom4j\dom4j\2.1.1\dom4j-2.1.1.jar;F:\Maven\repository\org\springframework\data\spring-data-jpa\2.1.5.RELEASE\spring-data-jpa-2.1.5.RELEASE.jar;F:\Maven\repository\org\springframework\data\spring-data-commons\2.1.5.RELEASE\spring-data-commons-2.1.5.RELEASE.jar;F:\Maven\repository\org\springframework\spring-orm\5.1.5.RELEASE\spring-orm-5.1.5.RELEASE.jar;F:\Maven\repository\org\springframework\spring-context\5.1.5.RELEASE\spring-context-5.1.5.RELEASE.jar;F:\Maven\
Launcher Type: SUN_STANDARD

Environment Variables:
JAVA_HOME=C:\Program Files\Java\jdk1.8.0_181
CLASSPATH= .;C:\Program Files\Java\jdk1.8.0_181\lib\dt.jar;C:\Program Files\Java\jdk1.8.0_181\lib\tools.jar;
PATH=C:/Program Files/Java/jdk1.8.0_181/jre/bin/server;C:/Program Files/Java/jdk1.8.0_181/jre/bin;C:/Program Files/Java/jdk1.8.0_181/jre/lib/amd64;D:\Program Files\apache-tomcat-7.0.93-windows-x64\apache-tomcat-7.0.93\bin;C:\Program Files\Java\jdk1.8.0_181\jre\bin;C:\Program Files\Java\jdk1.8.0_181\bin;F:\Program Files\redis-win-3.2.100;F:\Program Files\lib\site-packages\django\bin;F:\Program Files\Scripts;F:\Program Files\Maven\apache-maven-3.5.4\bin;F:\Users\Lenovo\platform-tools;C:\Program Files\MySQL\MySQL Server 8.0\bin;C:\Program Files (x86)\Common Files\Oracle\Java\javapath;F:\app\Lenovo\product\11.2.0\dbhome_1\bin;C:\Windows\system32;C:\Windows;C:\Windows\System32\Wbem;C:\Windows\System32\WindowsPowerShell\v1.0\;C:\Windows\System32\OpenSSH\;C:\Program Files\dotnet\;C:\Program Files\Microsoft SQL Server\130\Tools\Binn\;F:\Cygwin\bin;F:\Program Files\MATLAB\R2016a\runtime\win64;F:\Program Files\MATLAB\R2016a\bin;F:\Program Files\MATLAB\R2016a\polyspace\bin;C:\Users\Lenovo\AppData\Local\Google\Chrome\Application;F:\Program Files\redis-win-3.2.100;F:\Program Files\Scripts\;F:\Program Files\;C:\Program Files\MySQL\MySQL Server 8.0\bin;C:\Program Files\Java\jdk1.8.0_181;C:\Users\Lenovo\AppData\Local\Microsoft\WindowsApps;F:\Cygwin\bin;C:\ProgramData\Lenovo\GitHubDesktop\bin;F:\Program Files\nodejs\node_global;C:\Program Files\JetBrains\PyCharm 2018.3.4\bin;;E:\ºæ’Ò—‡\PyCharm Community Edition 2018.3.5\bin;;;C:\Users\Lenovo\Desktop;
USERNAME=Lenovo
OS=Windows_NT
PROCESSOR_IDENTIFIER=Intel64 Family 6 Model 78 Stepping 3, GenuineIntel



---------------  S Y S T E M  ---------------

OS: Windows 10.0 , 64 bit Build 17134 (10.0.17134.1)

CPU:total 4 (initial active 4) (2 cores per cpu, 2 threads per core) family 6 model 78 stepping 3, cmov, cx8, fxsr, mmx, sse, sse2, sse3, ssse3, sse4.1, sse4.2, popcnt, avx, avx2, aes, clmul, erms, 3dnowpref, lzcnt, ht, tsc, tscinvbit, bmi1, bmi2, adx

Memory: 4k page, physical 4097960k(362404k free), swap 8697844k(5560k free)

vm_info: Java HotSpot(TM) 64-Bit Server VM (25.181-b13) for windows-amd64 JRE (1.8.0_181-b13), built on Jul  7 2018 04:01:33 by "java_re" with MS VC++ 10.0 (VS2010)

time: Sun Apr 28 17:07:49 2019
elapsed time: 3 seconds (0d 0h 0m 3s)

