#
# There is insufficient memory for the Java Runtime Environment to continue.
# Native memory allocation (malloc) failed to allocate 123696 bytes for Chunk::new
# Possible reasons:
#   The system is out of physical RAM or swap space
#   In 32 bit mode, the process size limit was hit
# Possible solutions:
#   Reduce memory load on the system
#   Increase physical memory or swap space
#   Check if swap backing store is full
#   Use 64 bit Java on a 64 bit OS
#   Decrease Java heap size (-Xmx/-Xms)
#   Decrease number of Java threads
#   Decrease Java thread stack sizes (-Xss)
#   Set larger code cache with -XX:ReservedCodeCacheSize=
# This output file may be truncated or incomplete.
#
#  Out of Memory Error (allocation.cpp:390), pid=15476, tid=0x0000000000001ad0
#
# JRE version: Java(TM) SE Runtime Environment (8.0_181-b13) (build 1.8.0_181-b13)
# Java VM: Java HotSpot(TM) 64-Bit Server VM (25.181-b13 mixed mode windows-amd64 compressed oops)
# Failed to write core dump. Minidumps are not enabled by default on client versions of Windows
#

---------------  T H R E A D  ---------------

Current thread (0x0000000016cd4000):  JavaThread "C2 CompilerThread0" daemon [_thread_in_native, id=6864, stack(0x00000000172d0000,0x00000000173d0000)]

Stack: [0x00000000172d0000,0x00000000173d0000]
[error occurred during error reporting (printing stack bounds), id 0xc0000005]

Native frames: (J=compiled Java code, j=interpreted, Vv=VM code, C=native code)


Current CompileTask:
C2:   3692 1973       4       sun.reflect.ClassFileAssembler::emitConstantPoolUTF8 (50 bytes)


---------------  P R O C E S S  ---------------

Java Threads: ( => current thread )
  0x00000000181b1000 JavaThread "background-preinit" [_thread_in_native_trans, id=1596, stack(0x0000000019050000,0x0000000019150000)]
  0x0000000016d5a800 JavaThread "Service Thread" daemon [_thread_blocked, id=6080, stack(0x00000000175d0000,0x00000000176d0000)]
  0x0000000016ced800 JavaThread "C1 CompilerThread2" daemon [_thread_blocked, id=3064, stack(0x00000000174d0000,0x00000000175d0000)]
  0x0000000016cd7800 JavaThread "C2 CompilerThread1" daemon [_thread_blocked, id=15356, stack(0x00000000173d0000,0x00000000174d0000)]
=>0x0000000016cd4000 JavaThread "C2 CompilerThread0" daemon [_thread_in_native, id=6864, stack(0x00000000172d0000,0x00000000173d0000)]
  0x0000000016cd3000 JavaThread "Attach Listener" daemon [_thread_blocked, id=9604, stack(0x00000000171d0000,0x00000000172d0000)]
  0x0000000016cd2800 JavaThread "Signal Dispatcher" daemon [_thread_blocked, id=4372, stack(0x00000000170d0000,0x00000000171d0000)]
  0x000000001595c800 JavaThread "Finalizer" daemon [_thread_blocked, id=12896, stack(0x0000000016bd0000,0x0000000016cd0000)]
  0x0000000003364800 JavaThread "Reference Handler" daemon [_thread_blocked, id=9440, stack(0x0000000016ad0000,0x0000000016bd0000)]
  0x0000000003275800 JavaThread "main" [_thread_in_Java, id=8032, stack(0x0000000003170000,0x0000000003270000)]

Other Threads:
  0x0000000015938800 VMThread [stack: 0x00000000169d0000,0x0000000016ad0000] [id=13104]
  0x0000000016dc9800 WatcherThread [stack: 0x00000000176d0000,0x00000000177d0000] [id=3356]

VM state:not at safepoint (normal execution)

VM Mutex/Monitor currently owned by a thread: None

Heap:
 PSYoungGen      total 55808K, used 18772K [0x00000000eb200000, 0x00000000ef100000, 0x0000000100000000)
  eden space 49152K, 34% used [0x00000000eb200000,0x00000000ec2c0250,0x00000000ee200000)
  from space 6656K, 24% used [0x00000000eea80000,0x00000000eec14f20,0x00000000ef100000)
  to   space 7680K, 0% used [0x00000000ee200000,0x00000000ee200000,0x00000000ee980000)
 ParOldGen       total 36352K, used 8575K [0x00000000c1600000, 0x00000000c3980000, 0x00000000eb200000)
  object space 36352K, 23% used [0x00000000c1600000,0x00000000c1e5fc18,0x00000000c3980000)
 Metaspace       used 23527K, capacity 24208K, committed 24320K, reserved 1071104K
  class space    used 3040K, capacity 3236K, committed 3328K, reserved 1048576K

Card table byte_map: [0x0000000012730000,0x0000000012930000] byte_map_base: 0x0000000012125000

Marking Bits: (ParMarkBitMap*) 0x0000000058272d00
 Begin Bits: [0x0000000012e80000, 0x0000000013e28000)
 End Bits:   [0x0000000013e28000, 0x0000000014dd0000)

Polling page: 0x0000000001430000

CodeCache: size=245760Kb used=6855Kb max_used=6867Kb free=238904Kb
 bounds [0x0000000003370000, 0x0000000003a30000, 0x0000000012370000]
 total_blobs=2344 nmethods=1970 adapters=285
 compilation: disabled (not enough contiguous free space left)

Compilation events (10 events):
Event: 3.629 Thread 0x0000000016ced800 nmethod 1969 0x0000000003a1dc10 code [0x0000000003a1dd80, 0x0000000003a1dfb0]
Event: 3.629 Thread 0x0000000016ced800 1968       3       org.apache.xerces.util.XMLAttributesImpl::getIndexFast (38 bytes)
Event: 3.629 Thread 0x0000000016ced800 nmethod 1968 0x0000000003a1e110 code [0x0000000003a1e280, 0x0000000003a1e510]
Event: 3.629 Thread 0x0000000016ced800 1967       3       org.apache.xerces.util.XMLAttributesImpl::addAttribute (606 bytes)
Event: 3.632 Thread 0x0000000016ced800 nmethod 1967 0x0000000003a1e690 code [0x0000000003a1eb00, 0x0000000003a21998]
Event: 3.632 Thread 0x0000000016ced800 1976   !   3       org.apache.tomcat.util.IntrospectionUtils::setProperty (736 bytes)
Event: 3.637 Thread 0x0000000016cd7800 nmethod 1972 0x0000000003a26e10 code [0x0000000003a26f60, 0x0000000003a274b8]
Event: 3.637 Thread 0x0000000016cd7800 1974       4       sun.reflect.UTF8::utf8Length (81 bytes)
Event: 3.640 Thread 0x0000000016cd7800 

Event: 3.641 Thread 0x0000000016ced800 


GC Heap History (10 events):
Event: 1.711 GC heap before
{Heap before GC invocations=5 (full 0):
 PSYoungGen      total 35328K, used 35320K [0x00000000eb200000, 0x00000000ed700000, 0x0000000100000000)
  eden space 32768K, 100% used [0x00000000eb200000,0x00000000ed200000,0x00000000ed200000)
  from space 2560K, 99% used [0x00000000ed480000,0x00000000ed6fe010,0x00000000ed700000)
  to   space 2560K, 0% used [0x00000000ed200000,0x00000000ed200000,0x00000000ed480000)
 ParOldGen       total 44032K, used 5392K [0x00000000c1600000, 0x00000000c4100000, 0x00000000eb200000)
  object space 44032K, 12% used [0x00000000c1600000,0x00000000c1b441e0,0x00000000c4100000)
 Metaspace       used 17568K, capacity 18108K, committed 18432K, reserved 1064960K
  class space    used 2290K, capacity 2434K, committed 2560K, reserved 1048576K
Event: 1.721 GC heap after
Heap after GC invocations=5 (full 0):
 PSYoungGen      total 35328K, used 2536K [0x00000000eb200000, 0x00000000ed700000, 0x0000000100000000)
  eden space 32768K, 0% used [0x00000000eb200000,0x00000000eb200000,0x00000000ed200000)
  from space 2560K, 99% used [0x00000000ed200000,0x00000000ed47a020,0x00000000ed480000)
  to   space 2560K, 0% used [0x00000000ed480000,0x00000000ed480000,0x00000000ed700000)
 ParOldGen       total 44032K, used 9781K [0x00000000c1600000, 0x00000000c4100000, 0x00000000eb200000)
  object space 44032K, 22% used [0x00000000c1600000,0x00000000c1f8d6c8,0x00000000c4100000)
 Metaspace       used 17568K, capacity 18108K, committed 18432K, reserved 1064960K
  class space    used 2290K, capacity 2434K, committed 2560K, reserved 1048576K
}
Event: 2.066 GC heap before
{Heap before GC invocations=6 (full 0):
 PSYoungGen      total 35328K, used 28788K [0x00000000eb200000, 0x00000000ed700000, 0x0000000100000000)
  eden space 32768K, 80% used [0x00000000eb200000,0x00000000ecba31a0,0x00000000ed200000)
  from space 2560K, 99% used [0x00000000ed200000,0x00000000ed47a020,0x00000000ed480000)
  to   space 2560K, 0% used [0x00000000ed480000,0x00000000ed480000,0x00000000ed700000)
 ParOldGen       total 44032K, used 9781K [0x00000000c1600000, 0x00000000c4100000, 0x00000000eb200000)
  object space 44032K, 22% used [0x00000000c1600000,0x00000000c1f8d6c8,0x00000000c4100000)
 Metaspace       used 20576K, capacity 21210K, committed 21296K, reserved 1067008K
  class space    used 2686K, capacity 2863K, committed 2944K, reserved 1048576K
Event: 2.075 GC heap after
Heap after GC invocations=6 (full 0):
 PSYoungGen      total 35328K, used 2552K [0x00000000eb200000, 0x00000000ed700000, 0x0000000100000000)
  eden space 32768K, 0% used [0x00000000eb200000,0x00000000eb200000,0x00000000ed200000)
  from space 2560K, 99% used [0x00000000ed480000,0x00000000ed6fe010,0x00000000ed700000)
  to   space 2560K, 0% used [0x00000000ed200000,0x00000000ed200000,0x00000000ed480000)
 ParOldGen       total 44032K, used 13471K [0x00000000c1600000, 0x00000000c4100000, 0x00000000eb200000)
  object space 44032K, 30% used [0x00000000c1600000,0x00000000c2327f40,0x00000000c4100000)
 Metaspace       used 20576K, capacity 21210K, committed 21296K, reserved 1067008K
  class space    used 2686K, capacity 2863K, committed 2944K, reserved 1048576K
}
Event: 2.075 GC heap before
{Heap before GC invocations=7 (full 1):
 PSYoungGen      total 35328K, used 2552K [0x00000000eb200000, 0x00000000ed700000, 0x0000000100000000)
  eden space 32768K, 0% used [0x00000000eb200000,0x00000000eb200000,0x00000000ed200000)
  from space 2560K, 99% used [0x00000000ed480000,0x00000000ed6fe010,0x00000000ed700000)
  to   space 2560K, 0% used [0x00000000ed200000,0x00000000ed200000,0x00000000ed480000)
 ParOldGen       total 44032K, used 13471K [0x00000000c1600000, 0x00000000c4100000, 0x00000000eb200000)
  object space 44032K, 30% used [0x00000000c1600000,0x00000000c2327f40,0x00000000c4100000)
 Metaspace       used 20576K, capacity 21210K, committed 21296K, reserved 1067008K
  class space    used 2686K, capacity 2863K, committed 2944K, reserved 1048576K
Event: 2.114 GC heap after
Heap after GC invocations=7 (full 1):
 PSYoungGen      total 35328K, used 0K [0x00000000eb200000, 0x00000000ed700000, 0x0000000100000000)
  eden space 32768K, 0% used [0x00000000eb200000,0x00000000eb200000,0x00000000ed200000)
  from space 2560K, 0% used [0x00000000ed480000,0x00000000ed480000,0x00000000ed700000)
  to   space 2560K, 0% used [0x00000000ed200000,0x00000000ed200000,0x00000000ed480000)
 ParOldGen       total 36352K, used 7842K [0x00000000c1600000, 0x00000000c3980000, 0x00000000eb200000)
  object space 36352K, 21% used [0x00000000c1600000,0x00000000c1da8a50,0x00000000c3980000)
 Metaspace       used 20574K, capacity 21204K, committed 21296K, reserved 1067008K
  class space    used 2686K, capacity 2862K, committed 2944K, reserved 1048576K
}
Event: 2.535 GC heap before
{Heap before GC invocations=8 (full 1):
 PSYoungGen      total 35328K, used 32768K [0x00000000eb200000, 0x00000000ed700000, 0x0000000100000000)
  eden space 32768K, 100% used [0x00000000eb200000,0x00000000ed200000,0x00000000ed200000)
  from space 2560K, 0% used [0x00000000ed480000,0x00000000ed480000,0x00000000ed700000)
  to   space 2560K, 0% used [0x00000000ed200000,0x00000000ed200000,0x00000000ed480000)
 ParOldGen       total 36352K, used 7842K [0x00000000c1600000, 0x00000000c3980000, 0x00000000eb200000)
  object space 36352K, 21% used [0x00000000c1600000,0x00000000c1da8a50,0x00000000c3980000)
 Metaspace       used 22727K, capacity 23354K, committed 23680K, reserved 1069056K
  class space    used 2939K, capacity 3103K, committed 3200K, reserved 1048576K
Event: 2.540 GC heap after
Heap after GC invocations=8 (full 1):
 PSYoungGen      total 35328K, used 2550K [0x00000000eb200000, 0x00000000ef180000, 0x0000000100000000)
  eden space 32768K, 0% used [0x00000000eb200000,0x00000000eb200000,0x00000000ed200000)
  from space 2560K, 99% used [0x00000000ed200000,0x00000000ed47d848,0x00000000ed480000)
  to   space 7168K, 0% used [0x00000000eea80000,0x00000000eea80000,0x00000000ef180000)
 ParOldGen       total 36352K, used 8567K [0x00000000c1600000, 0x00000000c3980000, 0x00000000eb200000)
  object space 36352K, 23% used [0x00000000c1600000,0x00000000c1e5dc18,0x00000000c3980000)
 Metaspace       used 22727K, capacity 23354K, committed 23680K, reserved 1069056K
  class space    used 2939K, capacity 3103K, committed 3200K, reserved 1048576K
}
Event: 2.833 GC heap before
{Heap before GC invocations=9 (full 1):
 PSYoungGen      total 35328K, used 35262K [0x00000000eb200000, 0x00000000ef180000, 0x0000000100000000)
  eden space 32768K, 99% used [0x00000000eb200000,0x00000000ed1f2188,0x00000000ed200000)
  from space 2560K, 99% used [0x00000000ed200000,0x00000000ed47d848,0x00000000ed480000)
  to   space 7168K, 0% used [0x00000000eea80000,0x00000000eea80000,0x00000000ef180000)
 ParOldGen       total 36352K, used 8567K [0x00000000c1600000, 0x00000000c3980000, 0x00000000eb200000)
  object space 36352K, 23% used [0x00000000c1600000,0x00000000c1e5dc18,0x00000000c3980000)
 Metaspace       used 22750K, capacity 23392K, committed 23680K, reserved 1069056K
  class space    used 2943K, capacity 3136K, committed 3200K, reserved 1048576K
Event: 2.836 GC heap after
Heap after GC invocations=9 (full 1):
 PSYoungGen      total 55808K, used 1619K [0x00000000eb200000, 0x00000000ef100000, 0x0000000100000000)
  eden space 49152K, 0% used [0x00000000eb200000,0x00000000eb200000,0x00000000ee200000)
  from space 6656K, 24% used [0x00000000eea80000,0x00000000eec14f20,0x00000000ef100000)
  to   space 7680K, 0% used [0x00000000ee200000,0x00000000ee200000,0x00000000ee980000)
 ParOldGen       total 36352K, used 8575K [0x00000000c1600000, 0x00000000c3980000, 0x00000000eb200000)
  object space 36352K, 23% used [0x00000000c1600000,0x00000000c1e5fc18,0x00000000c3980000)
 Metaspace       used 22750K, capacity 23392K, committed 23680K, reserved 1069056K
  class space    used 2943K, capacity 3136K, committed 3200K, reserved 1048576K
}

Deoptimization events (10 events):
Event: 1.087 Thread 0x00000000181b1000 Uncommon trap: reason=unstable_if action=reinterpret pc=0x00000000035f5b3c method=java.util.HashMap.getNode(ILjava/lang/Object;)Ljava/util/HashMap$Node; @ 129
Event: 1.087 Thread 0x00000000181b1000 Uncommon trap: reason=class_check action=maybe_recompile pc=0x000000000370e3ec method=java.util.HashMap.putVal(ILjava/lang/Object;Ljava/lang/Object;ZZ)Ljava/lang/Object; @ 203
Event: 1.111 Thread 0x00000000181b1000 Uncommon trap: reason=unstable_if action=reinterpret pc=0x000000000374d210 method=java.util.concurrent.ConcurrentHashMap.addCount(JI)V @ 34
Event: 1.178 Thread 0x00000000181b1000 Uncommon trap: reason=class_check action=maybe_recompile pc=0x000000000370e3ec method=java.util.HashMap.putVal(ILjava/lang/Object;Ljava/lang/Object;ZZ)Ljava/lang/Object; @ 203
Event: 1.186 Thread 0x00000000181b1000 Uncommon trap: reason=class_check action=maybe_recompile pc=0x000000000370e3ec method=java.util.HashMap.putVal(ILjava/lang/Object;Ljava/lang/Object;ZZ)Ljava/lang/Object; @ 203
Event: 1.304 Thread 0x00000000181b1000 Uncommon trap: reason=unstable_if action=reinterpret pc=0x0000000003773738 method=java.util.jar.Manifest$FastInputStream.readLine([BII)I @ 87
Event: 1.769 Thread 0x0000000003275800 Uncommon trap: reason=unstable_if action=reinterpret pc=0x0000000003695a68 method=java.io.WinNTFileSystem.normalize(Ljava/lang/String;)Ljava/lang/String; @ 128
Event: 1.979 Thread 0x00000000181b1000 Uncommon trap: reason=unstable_if action=reinterpret pc=0x00000000037daa64 method=jdk.internal.org.objectweb.asm.Type.getArgumentsAndReturnSizes(Ljava/lang/String;)I @ 47
Event: 2.235 Thread 0x0000000003275800 Uncommon trap: reason=unstable_if action=reinterpret pc=0x000000000370b454 method=java.util.HashMap.putVal(ILjava/lang/Object;Ljava/lang/Object;ZZ)Ljava/lang/Object; @ 236
Event: 2.503 Thread 0x0000000003275800 Uncommon trap: reason=unstable_if action=reinterpret pc=0x00000000037b6c70 method=org.springframework.boot.context.properties.source.ConfigurationPropertyName.elementEquals(Lorg/springframework/boot/context/properties/source/ConfigurationPropertyName$Elem

Classes redefined (0 events):
No events

Internal exceptions (10 events):
Event: 1.709 Thread 0x0000000003275800 Exception <a 'java/lang/ClassNotFoundException': org/springframework/core/OrderedCustomizer> (0x00000000ed1796d0) thrown at [C:\re\workspace\8-2-build-windows-amd64-cygwin\jdk8u181\11358\hotspot\src\share\vm\classfile\systemDictionary.cpp, line 210]
Event: 1.710 Thread 0x0000000003275800 Exception <a 'java/lang/ClassNotFoundException': org/springframework/context/ResourceLoaderAwareCustomizer> (0x00000000ed190ea0) thrown at [C:\re\workspace\8-2-build-windows-amd64-cygwin\jdk8u181\11358\hotspot\src\share\vm\classfile\systemDictionary.cpp, 
Event: 1.710 Thread 0x0000000003275800 Exception <a 'java/lang/ClassNotFoundException': org/springframework/beans/factory/AwareCustomizer> (0x00000000ed1a6a18) thrown at [C:\re\workspace\8-2-build-windows-amd64-cygwin\jdk8u181\11358\hotspot\src\share\vm\classfile\systemDictionary.cpp, line 210
Event: 1.711 Thread 0x0000000003275800 Exception <a 'java/lang/ClassNotFoundException': org/springframework/beans/factory/BeanClassLoaderAwareCustomizer> (0x00000000ed1bf808) thrown at [C:\re\workspace\8-2-build-windows-amd64-cygwin\jdk8u181\11358\hotspot\src\share\vm\classfile\systemDictionar
Event: 1.711 Thread 0x0000000003275800 Exception <a 'java/lang/ClassNotFoundException': org/springframework/beans/factory/AwareCustomizer> (0x00000000ed1d51f0) thrown at [C:\re\workspace\8-2-build-windows-amd64-cygwin\jdk8u181\11358\hotspot\src\share\vm\classfile\systemDictionary.cpp, line 210
Event: 1.722 Thread 0x0000000003275800 Exception <a 'java/lang/ClassNotFoundException': org/springframework/context/EnvironmentAwareCustomizer> (0x00000000eb216698) thrown at [C:\re\workspace\8-2-build-windows-amd64-cygwin\jdk8u181\11358\hotspot\src\share\vm\classfile\systemDictionary.cpp, lin
Event: 1.733 Thread 0x0000000003275800 Exception <a 'java/lang/ClassNotFoundException': org/springframework/beans/factory/AwareCustomizer> (0x00000000eb22bf60) thrown at [C:\re\workspace\8-2-build-windows-amd64-cygwin\jdk8u181\11358\hotspot\src\share\vm\classfile\systemDictionary.cpp, line 210
Event: 1.773 Thread 0x0000000003275800 Exception <a 'java/lang/NoSuchMethodError': java.lang.Object.lambda$comparing$77a9974f$1(Ljava/util/function/Function;Ljava/lang/Object;Ljava/lang/Object;)I> (0x00000000eb630e58) thrown at [C:\re\workspace\8-2-build-windows-amd64-cygwin\jdk8u181\11358\hot
Event: 2.000 Thread 0x00000000181b1000 Exception <a 'java/lang/IncompatibleClassChangeError': Found class java.lang.Object, but interface was expected> (0x00000000ec593f30) thrown at [C:\re\workspace\8-2-build-windows-amd64-cygwin\jdk8u181\11358\hotspot\src\share\vm\interpreter\linkResolver.cp
Event: 2.236 Thread 0x0000000003275800 Exception <a 'java/lang/IncompatibleClassChangeError': Found class java.lang.Object, but interface was expected> (0x00000000ec006e40) thrown at [C:\re\workspace\8-2-build-windows-amd64-cygwin\jdk8u181\11358\hotspot\src\share\vm\interpreter\linkResolver.cp

Events (10 events):
Event: 3.624 loading class java/util/function/UnaryOperator done
Event: 3.638 loading class java/util/stream/ForEachOps$ForEachOp done
Event: 3.638 loading class java/util/stream/ForEachOps$ForEachOp$OfInt done
Event: 3.638 loading class java/util/stream/IntPipeline$3$1
Event: 3.638 loading class java/util/stream/Sink$ChainedInt
Event: 3.638 loading class java/util/stream/Sink$ChainedInt done
Event: 3.638 loading class java/util/stream/IntPipeline$3$1 done
Event: 3.638 loading class java/util/stream/IntPipeline$9$1
Event: 3.638 loading class java/util/stream/IntPipeline$9$1 done
Event: 3.639 loading class java/util/EnumMap$EntrySet


Dynamic libraries:
0x00007ff602aa0000 - 0x00007ff602ad7000 	C:\Program Files\Java\jre1.8.0_181\bin\javaw.exe
0x00007ffb3e0b0000 - 0x00007ffb3e291000 	C:\Windows\SYSTEM32\ntdll.dll
0x00007ffb3b7d0000 - 0x00007ffb3b882000 	C:\Windows\System32\KERNEL32.DLL
0x00007ffb3a5e0000 - 0x00007ffb3a853000 	C:\Windows\System32\KERNELBASE.dll
0x00007ffb3dfc0000 - 0x00007ffb3e061000 	C:\Windows\System32\ADVAPI32.dll
0x00007ffb3d520000 - 0x00007ffb3d5be000 	C:\Windows\System32\msvcrt.dll
0x00007ffb3d190000 - 0x00007ffb3d1eb000 	C:\Windows\System32\sechost.dll
0x00007ffb3cfb0000 - 0x00007ffb3d0d4000 	C:\Windows\System32\RPCRT4.dll
0x00007ffb3b570000 - 0x00007ffb3b700000 	C:\Windows\System32\USER32.dll
0x00007ffb3a450000 - 0x00007ffb3a470000 	C:\Windows\System32\win32u.dll
0x00007ffb3df90000 - 0x00007ffb3dfb8000 	C:\Windows\System32\GDI32.dll
0x00007ffb3a860000 - 0x00007ffb3a9f2000 	C:\Windows\System32\gdi32full.dll
0x00007ffb3a540000 - 0x00007ffb3a5df000 	C:\Windows\System32\msvcp_win.dll
0x00007ffb3aa00000 - 0x00007ffb3aafa000 	C:\Windows\System32\ucrtbase.dll
0x00007ffb2c050000 - 0x00007ffb2c2b9000 	C:\Windows\WinSxS\amd64_microsoft.windows.common-controls_6595b64144ccf1df_6.0.17134.345_none_fb429a5930656358\COMCTL32.dll
0x00007ffb3d1f0000 - 0x00007ffb3d513000 	C:\Windows\System32\combase.dll
0x00007ffb3a4c0000 - 0x00007ffb3a53a000 	C:\Windows\System32\bcryptPrimitives.dll
0x00007ffb3d5c0000 - 0x00007ffb3d5ed000 	C:\Windows\System32\IMM32.DLL
0x0000000059070000 - 0x0000000059142000 	C:\Program Files\Java\jre1.8.0_181\bin\msvcr100.dll
0x0000000057a50000 - 0x00000000582f2000 	C:\Program Files\Java\jre1.8.0_181\bin\server\jvm.dll
0x00007ffb3e070000 - 0x00007ffb3e078000 	C:\Windows\System32\PSAPI.DLL
0x00007ffb30490000 - 0x00007ffb3049a000 	C:\Windows\SYSTEM32\VERSION.dll
0x00007ffb386c0000 - 0x00007ffb386e3000 	C:\Windows\SYSTEM32\WINMM.dll
0x00007ffb38690000 - 0x00007ffb386ba000 	C:\Windows\SYSTEM32\winmmbase.dll
0x00007ffb3a470000 - 0x00007ffb3a4b9000 	C:\Windows\System32\cfgmgr32.dll
0x00007ffb253d0000 - 0x00007ffb253d9000 	C:\Windows\SYSTEM32\WSOCK32.dll
0x00007ffb3d610000 - 0x00007ffb3d67c000 	C:\Windows\System32\WS2_32.dll
0x0000000059060000 - 0x000000005906f000 	C:\Program Files\Java\jre1.8.0_181\bin\verify.dll
0x0000000059030000 - 0x0000000059059000 	C:\Program Files\Java\jre1.8.0_181\bin\java.dll
0x0000000059010000 - 0x0000000059026000 	C:\Program Files\Java\jre1.8.0_181\bin\zip.dll
0x00007ffb3ba10000 - 0x00007ffb3ce4f000 	C:\Windows\System32\SHELL32.dll
0x00007ffb3d0e0000 - 0x00007ffb3d189000 	C:\Windows\System32\shcore.dll
0x00007ffb3ab00000 - 0x00007ffb3b20d000 	C:\Windows\System32\windows.storage.dll
0x00007ffb3d820000 - 0x00007ffb3d871000 	C:\Windows\System32\shlwapi.dll
0x00007ffb3a410000 - 0x00007ffb3a421000 	C:\Windows\System32\kernel.appcore.dll
0x00007ffb3a3f0000 - 0x00007ffb3a40f000 	C:\Windows\System32\profapi.dll
0x00007ffb3a3a0000 - 0x00007ffb3a3ec000 	C:\Windows\System32\powrprof.dll
0x00007ffb3a390000 - 0x00007ffb3a39a000 	C:\Windows\System32\FLTLIB.DLL
0x0000000059000000 - 0x000000005900d000 	C:\Program Files\Java\jre1.8.0_181\bin\management.dll
0x0000000058fe0000 - 0x0000000058ffa000 	C:\Program Files\Java\jre1.8.0_181\bin\net.dll
0x00007ffb39b90000 - 0x00007ffb39bf6000 	C:\Windows\system32\mswsock.dll
0x00007ffb23010000 - 0x00007ffb23026000 	C:\Windows\system32\napinsp.dll
0x00007ffb22ff0000 - 0x00007ffb2300a000 	C:\Windows\system32\pnrpnsp.dll
0x00007ffb37b30000 - 0x00007ffb37b49000 	C:\Windows\system32\NLAapi.dll
0x00007ffb39950000 - 0x00007ffb39a0e000 	C:\Windows\SYSTEM32\DNSAPI.dll
0x00007ffb3d5f0000 - 0x00007ffb3d5f8000 	C:\Windows\System32\NSI.dll
0x00007ffb39910000 - 0x00007ffb39948000 	C:\Windows\SYSTEM32\IPHLPAPI.DLL
0x00007ffb22fe0000 - 0x00007ffb22fee000 	C:\Windows\System32\winrnr.dll
0x00007ffb323c0000 - 0x00007ffb323d5000 	C:\Windows\System32\wshbth.dll
0x00007ffb2bd20000 - 0x00007ffb2bd2a000 	C:\Windows\System32\rasadhlp.dll
0x00007ffb2d080000 - 0x00007ffb2d0f2000 	C:\Windows\System32\fwpuclnt.dll
0x00007ffb39e70000 - 0x00007ffb39e95000 	C:\Windows\SYSTEM32\bcrypt.dll
0x0000000058fc0000 - 0x0000000058fd1000 	C:\Program Files\Java\jre1.8.0_181\bin\nio.dll

VM Arguments:
jvm_args: -Dfile.encoding=UTF-8 
java_command: edu.bjtu.ee4j.SpringMvcCrudApplication
java_class_path (initial): F:\Users\Lenovo\workspace\GYM_CLUB\target\classes;F:\Maven\repository\org\springframework\boot\spring-boot-starter-data-jpa\2.1.3.RELEASE\spring-boot-starter-data-jpa-2.1.3.RELEASE.jar;F:\Maven\repository\org\springframework\boot\spring-boot-starter-aop\2.1.3.RELEASE\spring-boot-starter-aop-2.1.3.RELEASE.jar;F:\Maven\repository\org\springframework\spring-aop\5.1.5.RELEASE\spring-aop-5.1.5.RELEASE.jar;F:\Maven\repository\org\aspectj\aspectjweaver\1.9.2\aspectjweaver-1.9.2.jar;F:\Maven\repository\org\springframework\boot\spring-boot-starter-jdbc\2.1.3.RELEASE\spring-boot-starter-jdbc-2.1.3.RELEASE.jar;F:\Maven\repository\com\zaxxer\HikariCP\3.2.0\HikariCP-3.2.0.jar;F:\Maven\repository\org\springframework\spring-jdbc\5.1.5.RELEASE\spring-jdbc-5.1.5.RELEASE.jar;F:\Maven\repository\javax\transaction\javax.transaction-api\1.3\javax.transaction-api-1.3.jar;F:\Maven\repository\javax\xml\bind\jaxb-api\2.3.1\jaxb-api-2.3.1.jar;F:\Maven\repository\javax\activation\javax.activation-api\1.2.0\javax.activation-api-1.2.0.jar;F:\Maven\repository\org\hibernate\hibernate-core\5.3.7.Final\hibernate-core-5.3.7.Final.jar;F:\Maven\repository\antlr\antlr\2.7.7\antlr-2.7.7.jar;F:\Maven\repository\org\jboss\jandex\2.0.5.Final\jandex-2.0.5.Final.jar;F:\Maven\repository\com\fasterxml\classmate\1.4.0\classmate-1.4.0.jar;F:\Maven\repository\org\springframework\data\spring-data-jpa\2.1.5.RELEASE\spring-data-jpa-2.1.5.RELEASE.jar;F:\Maven\repository\org\springframework\data\spring-data-commons\2.1.5.RELEASE\spring-data-commons-2.1.5.RELEASE.jar;F:\Maven\repository\org\springframework\spring-orm\5.1.5.RELEASE\spring-orm-5.1.5.RELEASE.jar;F:\Maven\repository\org\springframework\spring-context\5.1.5.RELEASE\spring-context-5.1.5.RELEASE.jar;F:\Maven\repository\org\springframework\spring-tx\5.1.5.RELEASE\spring-tx-5.1.5.RELEASE.jar;F:\Maven\repository\org\springframework\spring-beans\5.1.5.RELEASE\spring-beans-5.1.5.RELEASE.jar;F:\Maven\repository\org\slf4j\slf4j-api\1.7.2
Launcher Type: SUN_STANDARD

Environment Variables:
JAVA_HOME=C:\Program Files\Java\jdk1.8.0_181
CLASSPATH= .;C:\Program Files\Java\jdk1.8.0_181\lib\dt.jar;C:\Program Files\Java\jdk1.8.0_181\lib\tools.jar;
PATH=C:/Program Files/Java/jdk1.8.0_181/jre/bin/server;C:/Program Files/Java/jdk1.8.0_181/jre/bin;C:/Program Files/Java/jdk1.8.0_181/jre/lib/amd64;D:\Program Files\apache-tomcat-7.0.93-windows-x64\apache-tomcat-7.0.93\bin;C:\Program Files\Java\jdk1.8.0_181\jre\bin;C:\Program Files\Java\jdk1.8.0_181\bin;F:\Program Files\redis-win-3.2.100;F:\Program Files\lib\site-packages\django\bin;F:\Program Files\Scripts;F:\Program Files\Maven\apache-maven-3.5.4\bin;F:\Users\Lenovo\platform-tools;C:\Program Files\MySQL\MySQL Server 8.0\bin;C:\Program Files (x86)\Common Files\Oracle\Java\javapath;F:\app\Lenovo\product\11.2.0\dbhome_1\bin;C:\Windows\system32;C:\Windows;C:\Windows\System32\Wbem;C:\Windows\System32\WindowsPowerShell\v1.0\;C:\Windows\System32\OpenSSH\;C:\Program Files\dotnet\;C:\Program Files\Microsoft SQL Server\130\Tools\Binn\;F:\Cygwin\bin;F:\Program Files\MATLAB\R2016a\runtime\win64;F:\Program Files\MATLAB\R2016a\bin;F:\Program Files\MATLAB\R2016a\polyspace\bin;C:\Users\Lenovo\AppData\Local\Google\Chrome\Application;F:\Program Files\redis-win-3.2.100;F:\Program Files\Scripts\;F:\Program Files\;C:\Program Files\MySQL\MySQL Server 8.0\bin;C:\Program Files\Java\jdk1.8.0_181;C:\Users\Lenovo\AppData\Local\Microsoft\WindowsApps;F:\Cygwin\bin;C:\ProgramData\Lenovo\GitHubDesktop\bin;F:\Program Files\nodejs\node_global;C:\Program Files\JetBrains\PyCharm 2018.3.4\bin;;E:\ºæ’Ò—‡\PyCharm Community Edition 2018.3.5\bin;;;C:\Users\Lenovo\Desktop;
USERNAME=Lenovo
OS=Windows_NT
PROCESSOR_IDENTIFIER=Intel64 Family 6 Model 78 Stepping 3, GenuineIntel



---------------  S Y S T E M  ---------------

OS: Windows 10.0 , 64 bit Build 17134 (10.0.17134.1)

CPU:total 4 (initial active 4) (2 cores per cpu, 2 threads per core) family 6 model 78 stepping 3, cmov, cx8, fxsr, mmx, sse, sse2, sse3, ssse3, sse4.1, sse4.2, popcnt, avx, avx2, aes, clmul, erms, 3dnowpref, lzcnt, ht, tsc, tscinvbit, bmi1, bmi2, adx

Memory: 4k page, physical 4097960k(446388k free), swap 8636456k(8244k free)

vm_info: Java HotSpot(TM) 64-Bit Server VM (25.181-b13) for windows-amd64 JRE (1.8.0_181-b13), built on Jul  7 2018 04:01:33 by "java_re" with MS VC++ 10.0 (VS2010)

time: Mon Apr 29 11:05:36 2019
elapsed time: 3 seconds (0d 0h 0m 3s)

