#
# There is insufficient memory for the Java Runtime Environment to continue.
# Native memory allocation (malloc) failed to allocate 1907536 bytes for Chunk::new
# Possible reasons:
#   The system is out of physical RAM or swap space
#   In 32 bit mode, the process size limit was hit
# Possible solutions:
#   Reduce memory load on the system
#   Increase physical memory or swap space
#   Check if swap backing store is full
#   Use 64 bit Java on a 64 bit OS
#   Decrease Java heap size (-Xmx/-Xms)
#   Decrease number of Java threads
#   Decrease Java thread stack sizes (-Xss)
#   Set larger code cache with -XX:ReservedCodeCacheSize=
# This output file may be truncated or incomplete.
#
#  Out of Memory Error (allocation.cpp:390), pid=13768, tid=0x000000000000398c
#
# JRE version: Java(TM) SE Runtime Environment (8.0_181-b13) (build 1.8.0_181-b13)
# Java VM: Java HotSpot(TM) 64-Bit Server VM (25.181-b13 mixed mode windows-amd64 compressed oops)
# Failed to write core dump. Minidumps are not enabled by default on client versions of Windows
#

---------------  T H R E A D  ---------------

Current thread (0x0000000016276000):  JavaThread "C2 CompilerThread0" daemon [_thread_in_native, id=14732, stack(0x0000000016870000,0x0000000016970000)]

Stack: [0x0000000016870000,0x0000000016970000]
[error occurred during error reporting (printing stack bounds), id 0xc0000005]

Native frames: (J=compiled Java code, j=interpreted, Vv=VM code, C=native code)


Current CompileTask:
C2:   5639 3530   !   4       org.springframework.core.annotation.AnnotatedElementUtils::searchWithFindSemantics (774 bytes)


---------------  P R O C E S S  ---------------

Java Threads: ( => current thread )
  0x000000001d4b4800 JavaThread "container-0" [_thread_blocked, id=14852, stack(0x000000001ccb0000,0x000000001cdb0000)]
  0x000000001d4b2800 JavaThread "Catalina-utility-2" [_thread_blocked, id=3884, stack(0x000000001cbb0000,0x000000001ccb0000)]
  0x000000001d4b1800 JavaThread "Catalina-utility-1" [_thread_blocked, id=14860, stack(0x000000001cab0000,0x000000001cbb0000)]
  0x00000000162fc000 JavaThread "Service Thread" daemon [_thread_blocked, id=13168, stack(0x0000000016b70000,0x0000000016c70000)]
  0x0000000016280800 JavaThread "C1 CompilerThread2" daemon [_thread_blocked, id=1908, stack(0x0000000016a70000,0x0000000016b70000)]
  0x0000000016278000 JavaThread "C2 CompilerThread1" daemon [_thread_blocked, id=4424, stack(0x0000000016970000,0x0000000016a70000)]
=>0x0000000016276000 JavaThread "C2 CompilerThread0" daemon [_thread_in_native, id=14732, stack(0x0000000016870000,0x0000000016970000)]
  0x0000000016275000 JavaThread "Attach Listener" daemon [_thread_blocked, id=10556, stack(0x0000000016770000,0x0000000016870000)]
  0x0000000014f7e800 JavaThread "Signal Dispatcher" daemon [_thread_blocked, id=13040, stack(0x0000000016670000,0x0000000016770000)]
  0x0000000014f10000 JavaThread "Finalizer" daemon [_thread_blocked, id=15160, stack(0x0000000016170000,0x0000000016270000)]
  0x0000000002914800 JavaThread "Reference Handler" daemon [_thread_blocked, id=14664, stack(0x0000000016070000,0x0000000016170000)]
  0x0000000002825800 JavaThread "main" [_thread_in_vm, id=6220, stack(0x00000000026c0000,0x00000000027c0000)]

Other Threads:
  0x0000000014ee8800 VMThread [stack: 0x0000000015f70000,0x0000000016070000] [id=9076]
  0x0000000016355000 WatcherThread [stack: 0x0000000016c70000,0x0000000016d70000] [id=5256]

VM state:not at safepoint (normal execution)

VM Mutex/Monitor currently owned by a thread: None

Heap:
 PSYoungGen      total 107520K, used 89745K [0x00000000eb200000, 0x00000000f4780000, 0x0000000100000000)
  eden space 98816K, 90% used [0x00000000eb200000,0x00000000f09a4410,0x00000000f1280000)
  from space 8704K, 0% used [0x00000000f1280000,0x00000000f1280000,0x00000000f1b00000)
  to   space 12288K, 0% used [0x00000000f3b80000,0x00000000f3b80000,0x00000000f4780000)
 ParOldGen       total 60928K, used 19064K [0x00000000c1600000, 0x00000000c5180000, 0x00000000eb200000)
  object space 60928K, 31% used [0x00000000c1600000,0x00000000c289e1a0,0x00000000c5180000)
 Metaspace       used 39062K, capacity 40708K, committed 40960K, reserved 1085440K
  class space    used 5217K, capacity 5530K, committed 5632K, reserved 1048576K

Card table byte_map: [0x0000000011ce0000,0x0000000011ee0000] byte_map_base: 0x00000000116d5000

Marking Bits: (ParMarkBitMap*) 0x0000000058272d00
 Begin Bits: [0x0000000012430000, 0x00000000133d8000)
 End Bits:   [0x00000000133d8000, 0x0000000014380000)

Polling page: 0x00000000001e0000

CodeCache: size=245760Kb used=13161Kb max_used=13172Kb free=232598Kb
 bounds [0x0000000002920000, 0x0000000003610000, 0x0000000011920000]
 total_blobs=4052 nmethods=3611 adapters=352
 compilation: enabled

Compilation events (10 events):
Event: 5.619 Thread 0x0000000016280800 3652       3       org.springframework.boot.context.properties.ConfigurationBeanFactoryMetadata::lambda$findFactoryMethod$0 (19 bytes)
Event: 5.619 Thread 0x0000000016280800 nmethod 3652 0x00000000036046d0 code [0x0000000003604840, 0x0000000003604c28]
Event: 5.620 Thread 0x0000000016278000 3653       4       java.util.LinkedHashMap::entrySet (27 bytes)
Event: 5.620 Thread 0x0000000016280800 3655       1       org.springframework.beans.factory.config.InstantiationAwareBeanPostProcessorAdapter::postProcessBeforeInstantiation (2 bytes)
Event: 5.620 Thread 0x0000000016280800 nmethod 3655 0x00000000036032d0 code [0x0000000003603420, 0x0000000003603530]
Event: 5.621 Thread 0x0000000016278000 nmethod 3653 0x00000000036043d0 code [0x0000000003604520, 0x0000000003604618]
Event: 5.621 Thread 0x0000000016278000 3654       4       java.util.LinkedHashMap$LinkedEntrySet::iterator (12 bytes)
Event: 5.622 Thread 0x0000000016278000 nmethod 3654 0x0000000003604090 code [0x00000000036041e0, 0x00000000036042f8]
Event: 5.622 Thread 0x0000000016278000 3656       4       org.springframework.util.ClassUtils::isAssignable (81 bytes)
Event: 5.627 Thread 0x0000000016278000 nmethod 3656 0x0000000002abfe50 code [0x0000000002abffc0, 0x0000000002ac0358]

GC Heap History (10 events):
Event: 1.612 GC heap before
{Heap before GC invocations=7 (full 1):
 PSYoungGen      total 71168K, used 6644K [0x00000000eb200000, 0x00000000f0100000, 0x0000000100000000)
  eden space 64512K, 0% used [0x00000000eb200000,0x00000000eb200000,0x00000000ef100000)
  from space 6656K, 99% used [0x00000000ef880000,0x00000000efefd008,0x00000000eff00000)
  to   space 7680K, 0% used [0x00000000ef100000,0x00000000ef100000,0x00000000ef880000)
 ParOldGen       total 44032K, used 9563K [0x00000000c1600000, 0x00000000c4100000, 0x00000000eb200000)
  object space 44032K, 21% used [0x00000000c1600000,0x00000000c1f56fd8,0x00000000c4100000)
 Metaspace       used 20561K, capacity 21150K, committed 21296K, reserved 1067008K
  class space    used 2694K, capacity 2863K, committed 2944K, reserved 1048576K
Event: 1.646 GC heap after
Heap after GC invocations=7 (full 1):
 PSYoungGen      total 71168K, used 0K [0x00000000eb200000, 0x00000000f0100000, 0x0000000100000000)
  eden space 64512K, 0% used [0x00000000eb200000,0x00000000eb200000,0x00000000ef100000)
  from space 6656K, 0% used [0x00000000ef880000,0x00000000ef880000,0x00000000eff00000)
  to   space 7680K, 0% used [0x00000000ef100000,0x00000000ef100000,0x00000000ef880000)
 ParOldGen       total 35840K, used 8147K [0x00000000c1600000, 0x00000000c3900000, 0x00000000eb200000)
  object space 35840K, 22% used [0x00000000c1600000,0x00000000c1df4ea0,0x00000000c3900000)
 Metaspace       used 20559K, capacity 21144K, committed 21296K, reserved 1067008K
  class space    used 2693K, capacity 2862K, committed 2944K, reserved 1048576K
}
Event: 2.189 GC heap before
{Heap before GC invocations=8 (full 1):
 PSYoungGen      total 71168K, used 64471K [0x00000000eb200000, 0x00000000f0100000, 0x0000000100000000)
  eden space 64512K, 99% used [0x00000000eb200000,0x00000000ef0f5f40,0x00000000ef100000)
  from space 6656K, 0% used [0x00000000ef880000,0x00000000ef880000,0x00000000eff00000)
  to   space 7680K, 0% used [0x00000000ef100000,0x00000000ef100000,0x00000000ef880000)
 ParOldGen       total 35840K, used 8147K [0x00000000c1600000, 0x00000000c3900000, 0x00000000eb200000)
  object space 35840K, 22% used [0x00000000c1600000,0x00000000c1df4ea0,0x00000000c3900000)
 Metaspace       used 23028K, capacity 23764K, committed 23936K, reserved 1071104K
  class space    used 2965K, capacity 3164K, committed 3200K, reserved 1048576K
Event: 2.198 GC heap after
Heap after GC invocations=8 (full 1):
 PSYoungGen      total 72192K, used 4260K [0x00000000eb200000, 0x00000000f2280000, 0x0000000100000000)
  eden space 64512K, 0% used [0x00000000eb200000,0x00000000eb200000,0x00000000ef100000)
  from space 7680K, 55% used [0x00000000ef100000,0x00000000ef5290e0,0x00000000ef880000)
  to   space 7168K, 0% used [0x00000000f1b80000,0x00000000f1b80000,0x00000000f2280000)
 ParOldGen       total 35840K, used 8155K [0x00000000c1600000, 0x00000000c3900000, 0x00000000eb200000)
  object space 35840K, 22% used [0x00000000c1600000,0x00000000c1df6ea0,0x00000000c3900000)
 Metaspace       used 23028K, capacity 23764K, committed 23936K, reserved 1071104K
  class space    used 2965K, capacity 3164K, committed 3200K, reserved 1048576K
}
Event: 3.289 GC heap before
{Heap before GC invocations=9 (full 1):
 PSYoungGen      total 72192K, used 68772K [0x00000000eb200000, 0x00000000f2280000, 0x0000000100000000)
  eden space 64512K, 100% used [0x00000000eb200000,0x00000000ef100000,0x00000000ef100000)
  from space 7680K, 55% used [0x00000000ef100000,0x00000000ef5290e0,0x00000000ef880000)
  to   space 7168K, 0% used [0x00000000f1b80000,0x00000000f1b80000,0x00000000f2280000)
 ParOldGen       total 35840K, used 8155K [0x00000000c1600000, 0x00000000c3900000, 0x00000000eb200000)
  object space 35840K, 22% used [0x00000000c1600000,0x00000000c1df6ea0,0x00000000c3900000)
 Metaspace       used 28004K, capacity 29026K, committed 29184K, reserved 1075200K
  class space    used 3762K, capacity 3993K, committed 4096K, reserved 1048576K
Event: 3.305 GC heap after
Heap after GC invocations=9 (full 1):
 PSYoungGen      total 105984K, used 7163K [0x00000000eb200000, 0x00000000f2380000, 0x0000000100000000)
  eden space 98816K, 0% used [0x00000000eb200000,0x00000000eb200000,0x00000000f1280000)
  from space 7168K, 99% used [0x00000000f1b80000,0x00000000f227ed40,0x00000000f2280000)
  to   space 8704K, 0% used [0x00000000f1280000,0x00000000f1280000,0x00000000f1b00000)
 ParOldGen       total 35840K, used 10048K [0x00000000c1600000, 0x00000000c3900000, 0x00000000eb200000)
  object space 35840K, 28% used [0x00000000c1600000,0x00000000c1fd0128,0x00000000c3900000)
 Metaspace       used 28004K, capacity 29026K, committed 29184K, reserved 1075200K
  class space    used 3762K, capacity 3993K, committed 4096K, reserved 1048576K
}
Event: 4.623 GC heap before
{Heap before GC invocations=10 (full 1):
 PSYoungGen      total 105984K, used 75467K [0x00000000eb200000, 0x00000000f2380000, 0x0000000100000000)
  eden space 98816K, 69% used [0x00000000eb200000,0x00000000ef4b4168,0x00000000f1280000)
  from space 7168K, 99% used [0x00000000f1b80000,0x00000000f227ed40,0x00000000f2280000)
  to   space 8704K, 0% used [0x00000000f1280000,0x00000000f1280000,0x00000000f1b00000)
 ParOldGen       total 35840K, used 10048K [0x00000000c1600000, 0x00000000c3900000, 0x00000000eb200000)
  object space 35840K, 28% used [0x00000000c1600000,0x00000000c1fd0128,0x00000000c3900000)
 Metaspace       used 33915K, capacity 35440K, committed 35496K, reserved 1079296K
  class space    used 4548K, capacity 4840K, committed 4864K, reserved 1048576K
Event: 4.641 GC heap after
Heap after GC invocations=10 (full 1):
 PSYoungGen      total 107520K, used 8701K [0x00000000eb200000, 0x00000000f4780000, 0x0000000100000000)
  eden space 98816K, 0% used [0x00000000eb200000,0x00000000eb200000,0x00000000f1280000)
  from space 8704K, 99% used [0x00000000f1280000,0x00000000f1aff6f0,0x00000000f1b00000)
  to   space 12288K, 0% used [0x00000000f3b80000,0x00000000f3b80000,0x00000000f4780000)
 ParOldGen       total 35840K, used 15700K [0x00000000c1600000, 0x00000000c3900000, 0x00000000eb200000)
  object space 35840K, 43% used [0x00000000c1600000,0x00000000c25551b0,0x00000000c3900000)
 Metaspace       used 33915K, capacity 35440K, committed 35496K, reserved 1079296K
  class space    used 4548K, capacity 4840K, committed 4864K, reserved 1048576K
}
Event: 4.641 GC heap before
{Heap before GC invocations=11 (full 2):
 PSYoungGen      total 107520K, used 8701K [0x00000000eb200000, 0x00000000f4780000, 0x0000000100000000)
  eden space 98816K, 0% used [0x00000000eb200000,0x00000000eb200000,0x00000000f1280000)
  from space 8704K, 99% used [0x00000000f1280000,0x00000000f1aff6f0,0x00000000f1b00000)
  to   space 12288K, 0% used [0x00000000f3b80000,0x00000000f3b80000,0x00000000f4780000)
 ParOldGen       total 35840K, used 15700K [0x00000000c1600000, 0x00000000c3900000, 0x00000000eb200000)
  object space 35840K, 43% used [0x00000000c1600000,0x00000000c25551b0,0x00000000c3900000)
 Metaspace       used 33915K, capacity 35440K, committed 35496K, reserved 1079296K
  class space    used 4548K, capacity 4840K, committed 4864K, reserved 1048576K
Event: 4.718 GC heap after
Heap after GC invocations=11 (full 2):
 PSYoungGen      total 107520K, used 0K [0x00000000eb200000, 0x00000000f4780000, 0x0000000100000000)
  eden space 98816K, 0% used [0x00000000eb200000,0x00000000eb200000,0x00000000f1280000)
  from space 8704K, 0% used [0x00000000f1280000,0x00000000f1280000,0x00000000f1b00000)
  to   space 12288K, 0% used [0x00000000f3b80000,0x00000000f3b80000,0x00000000f4780000)
 ParOldGen       total 60928K, used 19064K [0x00000000c1600000, 0x00000000c5180000, 0x00000000eb200000)
  object space 60928K, 31% used [0x00000000c1600000,0x00000000c289e1a0,0x00000000c5180000)
 Metaspace       used 33915K, capacity 35440K, committed 35496K, reserved 1079296K
  class space    used 4548K, capacity 4840K, committed 4864K, reserved 1048576K
}

Deoptimization events (10 events):
Event: 5.096 Thread 0x0000000002825800 Uncommon trap: reason=null_check action=make_not_entrant pc=0x000000000354db74 method=org.springframework.core.annotation.AnnotatedElementUtils.searchWithFindSemantics(Ljava/lang/reflect/AnnotatedElement;Ljava/util/Set;Ljava/lang/String;Ljava/lang/Class;L
Event: 5.118 Thread 0x0000000002825800 Uncommon trap: reason=bimorphic action=maybe_recompile pc=0x0000000003207e0c method=java.util.stream.ReferencePipeline$2$1.accept(Ljava/lang/Object;)V @ 21
Event: 5.118 Thread 0x0000000002825800 Uncommon trap: reason=bimorphic action=maybe_recompile pc=0x0000000003207e0c method=java.util.stream.ReferencePipeline$2$1.accept(Ljava/lang/Object;)V @ 21
Event: 5.118 Thread 0x0000000002825800 Uncommon trap: reason=bimorphic action=maybe_recompile pc=0x0000000003207e0c method=java.util.stream.ReferencePipeline$2$1.accept(Ljava/lang/Object;)V @ 21
Event: 5.220 Thread 0x0000000002825800 Uncommon trap: reason=bimorphic action=maybe_recompile pc=0x0000000003056938 method=java.util.Hashtable.get(Ljava/lang/Object;)Ljava/lang/Object; @ 6
Event: 5.220 Thread 0x0000000002825800 Uncommon trap: reason=bimorphic action=maybe_recompile pc=0x0000000003056938 method=java.util.Hashtable.get(Ljava/lang/Object;)Ljava/lang/Object; @ 6
Event: 5.242 Thread 0x0000000002825800 Uncommon trap: reason=null_check action=make_not_entrant pc=0x0000000003376bcc method=org.springframework.util.ClassUtils.isAssignable(Ljava/lang/Class;Ljava/lang/Class;)Z @ 14
Event: 5.598 Thread 0x0000000002825800 Uncommon trap: reason=predicate action=maybe_recompile pc=0x0000000002a6348c method=java.util.AbstractCollection.toArray([Ljava/lang/Object;)[Ljava/lang/Object; @ 49
Event: 5.622 Thread 0x0000000002825800 Uncommon trap: reason=class_check action=maybe_recompile pc=0x00000000034ac0b8 method=org.springframework.core.annotation.AnnotationUtils.hasPlainJavaAnnotationsOnly(Ljava/lang/Object;)Z @ 1
Event: 5.623 Thread 0x0000000002825800 Uncommon trap: reason=class_check action=maybe_recompile pc=0x00000000034ac0b8 method=org.springframework.core.annotation.AnnotationUtils.hasPlainJavaAnnotationsOnly(Ljava/lang/Object;)Z @ 1

Classes redefined (0 events):
No events

Internal exceptions (10 events):
Event: 3.730 Thread 0x0000000002825800 Exception <a 'java/lang/ClassNotFoundException': org/springframework/beans/factory/BeanFactoryAwareCustomizer> (0x00000000ed4cd258) thrown at [C:\re\workspace\8-2-build-windows-amd64-cygwin\jdk8u181\11358\hotspot\src\share\vm\classfile\systemDictionary.cp
Event: 3.730 Thread 0x0000000002825800 Exception <a 'java/lang/ClassNotFoundException': org/springframework/beans/factory/AwareCustomizer> (0x00000000ed4e31f0) thrown at [C:\re\workspace\8-2-build-windows-amd64-cygwin\jdk8u181\11358\hotspot\src\share\vm\classfile\systemDictionary.cpp, line 210
Event: 3.731 Thread 0x0000000002825800 Exception <a 'java/lang/ClassNotFoundException': org/springframework/context/annotation/ImportAwareCustomizer> (0x00000000ed4fada0) thrown at [C:\re\workspace\8-2-build-windows-amd64-cygwin\jdk8u181\11358\hotspot\src\share\vm\classfile\systemDictionary.cp
Event: 3.732 Thread 0x0000000002825800 Exception <a 'java/lang/ClassNotFoundException': org/springframework/beans/factory/AwareCustomizer> (0x00000000ed510640) thrown at [C:\re\workspace\8-2-build-windows-amd64-cygwin\jdk8u181\11358\hotspot\src\share\vm\classfile\systemDictionary.cpp, line 210
Event: 5.045 Thread 0x0000000002825800 Exception <a 'java/io/FileNotFoundException'> (0x00000000ee098340) thrown at [C:\re\workspace\8-2-build-windows-amd64-cygwin\jdk8u181\11358\hotspot\src\share\vm\prims\jni.cpp, line 709]
Event: 5.096 Thread 0x0000000002825800 Implicit null exception at 0x00000000035472d9 to 0x000000000354db29
Event: 5.193 Thread 0x0000000002825800 Exception <a 'java/io/FileNotFoundException'> (0x00000000ee6cfc18) thrown at [C:\re\workspace\8-2-build-windows-amd64-cygwin\jdk8u181\11358\hotspot\src\share\vm\prims\jni.cpp, line 709]
Event: 5.413 Thread 0x0000000002825800 Exception <a 'java/lang/NoSuchMethodError': java.lang.Object.lambda$identity$2(Ljava/lang/Object;)Ljava/lang/Object;> (0x00000000ef59b3c0) thrown at [C:\re\workspace\8-2-build-windows-amd64-cygwin\jdk8u181\11358\hotspot\src\share\vm\interpreter\linkResolv
Event: 5.610 Thread 0x0000000002825800 Exception <a 'java/lang/NoSuchMethodError': java.lang.Object.lambda$simple$0(Ljava/lang/String;)Ljava/lang/String;> (0x00000000f0643b50) thrown at [C:\re\workspace\8-2-build-windows-amd64-cygwin\jdk8u181\11358\hotspot\src\share\vm\interpreter\linkResolver
Event: 5.635 Thread 0x0000000002825800 Exception <a 'java/lang/NoSuchMethodError': java.lang.Object.lambda$static$0(Ljava/lang/Object;)Ljava/lang/Object;> (0x00000000f080fc70) thrown at [C:\re\workspace\8-2-build-windows-amd64-cygwin\jdk8u181\11358\hotspot\src\share\vm\interpreter\linkResolver

Events (10 events):
Event: 5.635 loading class org/springframework/boot/context/properties/bind/PlaceholdersResolver
Event: 5.635 loading class org/springframework/boot/context/properties/bind/PlaceholdersResolver done
Event: 5.635 loading class org/springframework/boot/context/properties/source/ConfigurationPropertyName
Event: 5.635 loading class org/springframework/boot/context/properties/source/ConfigurationPropertyName done
Event: 5.635 loading class org/springframework/boot/context/properties/source/ConfigurationPropertyName
Event: 5.635 loading class org/springframework/boot/context/properties/source/ConfigurationPropertyName done
Event: 5.635 loading class org/springframework/boot/context/properties/source/ConfigurationPropertyName
Event: 5.635 loading class org/springframework/boot/context/properties/source/ConfigurationPropertyName done
Event: 5.635 loading class com/zaxxer/hikari/pool/HikariPool
Event: 5.635 loading class com/zaxxer/hikari/pool/HikariPool done


Dynamic libraries:
0x00007ff602aa0000 - 0x00007ff602ad7000 	C:\Program Files\Java\jre1.8.0_181\bin\javaw.exe
0x00007ffb3e0b0000 - 0x00007ffb3e291000 	C:\Windows\SYSTEM32\ntdll.dll
0x00007ffb3b7d0000 - 0x00007ffb3b882000 	C:\Windows\System32\KERNEL32.DLL
0x00007ffb3a5e0000 - 0x00007ffb3a853000 	C:\Windows\System32\KERNELBASE.dll
0x00007ffb3dfc0000 - 0x00007ffb3e061000 	C:\Windows\System32\ADVAPI32.dll
0x00007ffb3d520000 - 0x00007ffb3d5be000 	C:\Windows\System32\msvcrt.dll
0x00007ffb3d190000 - 0x00007ffb3d1eb000 	C:\Windows\System32\sechost.dll
0x00007ffb3cfb0000 - 0x00007ffb3d0d4000 	C:\Windows\System32\RPCRT4.dll
0x00007ffb3b570000 - 0x00007ffb3b700000 	C:\Windows\System32\USER32.dll
0x00007ffb3a450000 - 0x00007ffb3a470000 	C:\Windows\System32\win32u.dll
0x00007ffb3df90000 - 0x00007ffb3dfb8000 	C:\Windows\System32\GDI32.dll
0x00007ffb3a860000 - 0x00007ffb3a9f2000 	C:\Windows\System32\gdi32full.dll
0x00007ffb3a540000 - 0x00007ffb3a5df000 	C:\Windows\System32\msvcp_win.dll
0x00007ffb3aa00000 - 0x00007ffb3aafa000 	C:\Windows\System32\ucrtbase.dll
0x00007ffb2c050000 - 0x00007ffb2c2b9000 	C:\Windows\WinSxS\amd64_microsoft.windows.common-controls_6595b64144ccf1df_6.0.17134.345_none_fb429a5930656358\COMCTL32.dll
0x00007ffb3d1f0000 - 0x00007ffb3d513000 	C:\Windows\System32\combase.dll
0x00007ffb3a4c0000 - 0x00007ffb3a53a000 	C:\Windows\System32\bcryptPrimitives.dll
0x00007ffb3d5c0000 - 0x00007ffb3d5ed000 	C:\Windows\System32\IMM32.DLL
0x0000000059070000 - 0x0000000059142000 	C:\Program Files\Java\jre1.8.0_181\bin\msvcr100.dll
0x0000000057a50000 - 0x00000000582f2000 	C:\Program Files\Java\jre1.8.0_181\bin\server\jvm.dll
0x00007ffb3e070000 - 0x00007ffb3e078000 	C:\Windows\System32\PSAPI.DLL
0x00007ffb253d0000 - 0x00007ffb253d9000 	C:\Windows\SYSTEM32\WSOCK32.dll
0x00007ffb3d610000 - 0x00007ffb3d67c000 	C:\Windows\System32\WS2_32.dll
0x00007ffb386c0000 - 0x00007ffb386e3000 	C:\Windows\SYSTEM32\WINMM.dll
0x00007ffb30490000 - 0x00007ffb3049a000 	C:\Windows\SYSTEM32\VERSION.dll
0x00007ffb38690000 - 0x00007ffb386ba000 	C:\Windows\SYSTEM32\WINMMBASE.dll
0x00007ffb3a470000 - 0x00007ffb3a4b9000 	C:\Windows\System32\cfgmgr32.dll
0x0000000059060000 - 0x000000005906f000 	C:\Program Files\Java\jre1.8.0_181\bin\verify.dll
0x0000000059030000 - 0x0000000059059000 	C:\Program Files\Java\jre1.8.0_181\bin\java.dll
0x0000000059010000 - 0x0000000059026000 	C:\Program Files\Java\jre1.8.0_181\bin\zip.dll
0x00007ffb3ba10000 - 0x00007ffb3ce4f000 	C:\Windows\System32\SHELL32.dll
0x00007ffb3d0e0000 - 0x00007ffb3d189000 	C:\Windows\System32\shcore.dll
0x00007ffb3ab00000 - 0x00007ffb3b20d000 	C:\Windows\System32\windows.storage.dll
0x00007ffb3d820000 - 0x00007ffb3d871000 	C:\Windows\System32\shlwapi.dll
0x00007ffb3a410000 - 0x00007ffb3a421000 	C:\Windows\System32\kernel.appcore.dll
0x00007ffb3a3f0000 - 0x00007ffb3a40f000 	C:\Windows\System32\profapi.dll
0x00007ffb3a3a0000 - 0x00007ffb3a3ec000 	C:\Windows\System32\powrprof.dll
0x00007ffb3a390000 - 0x00007ffb3a39a000 	C:\Windows\System32\FLTLIB.DLL
0x0000000059000000 - 0x000000005900d000 	C:\Program Files\Java\jre1.8.0_181\bin\management.dll
0x0000000058fe0000 - 0x0000000058ffa000 	C:\Program Files\Java\jre1.8.0_181\bin\net.dll
0x00007ffb39b90000 - 0x00007ffb39bf6000 	C:\Windows\system32\mswsock.dll
0x00007ffb23010000 - 0x00007ffb23026000 	C:\Windows\system32\napinsp.dll
0x00007ffb22ff0000 - 0x00007ffb2300a000 	C:\Windows\system32\pnrpnsp.dll
0x00007ffb37b30000 - 0x00007ffb37b49000 	C:\Windows\system32\NLAapi.dll
0x00007ffb39950000 - 0x00007ffb39a0e000 	C:\Windows\SYSTEM32\DNSAPI.dll
0x00007ffb3d5f0000 - 0x00007ffb3d5f8000 	C:\Windows\System32\NSI.dll
0x00007ffb39910000 - 0x00007ffb39948000 	C:\Windows\SYSTEM32\IPHLPAPI.DLL
0x00007ffb22fe0000 - 0x00007ffb22fee000 	C:\Windows\System32\winrnr.dll
0x00007ffb323c0000 - 0x00007ffb323d5000 	C:\Windows\System32\wshbth.dll
0x00007ffb2bd20000 - 0x00007ffb2bd2a000 	C:\Windows\System32\rasadhlp.dll
0x00007ffb2d080000 - 0x00007ffb2d0f2000 	C:\Windows\System32\fwpuclnt.dll
0x00007ffb39e70000 - 0x00007ffb39e95000 	C:\Windows\SYSTEM32\bcrypt.dll
0x0000000058fc0000 - 0x0000000058fd1000 	C:\Program Files\Java\jre1.8.0_181\bin\nio.dll
0x00007ffb39d40000 - 0x00007ffb39d57000 	C:\Windows\SYSTEM32\CRYPTSP.dll
0x00007ffb39770000 - 0x00007ffb397a3000 	C:\Windows\system32\rsaenh.dll
0x00007ffb3a2c0000 - 0x00007ffb3a2e8000 	C:\Windows\SYSTEM32\USERENV.dll
0x00007ffb39d60000 - 0x00007ffb39d6b000 	C:\Windows\SYSTEM32\CRYPTBASE.dll
0x00007ffb30770000 - 0x00007ffb30786000 	C:\Windows\SYSTEM32\dhcpcsvc6.DLL
0x00007ffb30750000 - 0x00007ffb3076a000 	C:\Windows\SYSTEM32\dhcpcsvc.DLL
0x0000000180000000 - 0x0000000180281000 	D:\Program Files\apache-tomcat-7.0.93-windows-x64\apache-tomcat-7.0.93\bin\tcnative-1.dll
0x00007ffb3b270000 - 0x00007ffb3b452000 	C:\Windows\System32\CRYPT32.dll
0x00007ffb3a430000 - 0x00007ffb3a442000 	C:\Windows\System32\MSASN1.dll

VM Arguments:
jvm_args: -Dfile.encoding=UTF-8 
java_command: edu.bjtu.ee4j.SpringMvcCrudApplication
java_class_path (initial): F:\Users\Lenovo\workspace\GYM_CLUB\target\classes;F:\Maven\repository\org\springframework\boot\spring-boot-starter-data-jpa\2.1.3.RELEASE\spring-boot-starter-data-jpa-2.1.3.RELEASE.jar;F:\Maven\repository\org\springframework\boot\spring-boot-starter-aop\2.1.3.RELEASE\spring-boot-starter-aop-2.1.3.RELEASE.jar;F:\Maven\repository\org\springframework\spring-aop\5.1.5.RELEASE\spring-aop-5.1.5.RELEASE.jar;F:\Maven\repository\org\aspectj\aspectjweaver\1.9.2\aspectjweaver-1.9.2.jar;F:\Maven\repository\org\springframework\boot\spring-boot-starter-jdbc\2.1.3.RELEASE\spring-boot-starter-jdbc-2.1.3.RELEASE.jar;F:\Maven\repository\com\zaxxer\HikariCP\3.2.0\HikariCP-3.2.0.jar;F:\Maven\repository\org\springframework\spring-jdbc\5.1.5.RELEASE\spring-jdbc-5.1.5.RELEASE.jar;F:\Maven\repository\javax\transaction\javax.transaction-api\1.3\javax.transaction-api-1.3.jar;F:\Maven\repository\javax\xml\bind\jaxb-api\2.3.1\jaxb-api-2.3.1.jar;F:\Maven\repository\javax\activation\javax.activation-api\1.2.0\javax.activation-api-1.2.0.jar;F:\Maven\repository\org\hibernate\hibernate-core\5.3.7.Final\hibernate-core-5.3.7.Final.jar;F:\Maven\repository\antlr\antlr\2.7.7\antlr-2.7.7.jar;F:\Maven\repository\org\jboss\jandex\2.0.5.Final\jandex-2.0.5.Final.jar;F:\Maven\repository\com\fasterxml\classmate\1.4.0\classmate-1.4.0.jar;F:\Maven\repository\org\springframework\data\spring-data-jpa\2.1.5.RELEASE\spring-data-jpa-2.1.5.RELEASE.jar;F:\Maven\repository\org\springframework\data\spring-data-commons\2.1.5.RELEASE\spring-data-commons-2.1.5.RELEASE.jar;F:\Maven\repository\org\springframework\spring-orm\5.1.5.RELEASE\spring-orm-5.1.5.RELEASE.jar;F:\Maven\repository\org\springframework\spring-context\5.1.5.RELEASE\spring-context-5.1.5.RELEASE.jar;F:\Maven\repository\org\springframework\spring-tx\5.1.5.RELEASE\spring-tx-5.1.5.RELEASE.jar;F:\Maven\repository\org\springframework\spring-beans\5.1.5.RELEASE\spring-beans-5.1.5.RELEASE.jar;F:\Maven\repository\org\slf4j\slf4j-api\1.7.2
Launcher Type: SUN_STANDARD

Environment Variables:
JAVA_HOME=C:\Program Files\Java\jdk1.8.0_181
CLASSPATH= .;C:\Program Files\Java\jdk1.8.0_181\lib\dt.jar;C:\Program Files\Java\jdk1.8.0_181\lib\tools.jar;
PATH=C:/Program Files/Java/jdk1.8.0_181/jre/bin/server;C:/Program Files/Java/jdk1.8.0_181/jre/bin;C:/Program Files/Java/jdk1.8.0_181/jre/lib/amd64;D:\Program Files\apache-tomcat-7.0.93-windows-x64\apache-tomcat-7.0.93\bin;C:\Program Files\Java\jdk1.8.0_181\jre\bin;C:\Program Files\Java\jdk1.8.0_181\bin;F:\Program Files\redis-win-3.2.100;F:\Program Files\lib\site-packages\django\bin;F:\Program Files\Scripts;F:\Program Files\Maven\apache-maven-3.5.4\bin;F:\Users\Lenovo\platform-tools;C:\Program Files\MySQL\MySQL Server 8.0\bin;C:\Program Files (x86)\Common Files\Oracle\Java\javapath;F:\app\Lenovo\product\11.2.0\dbhome_1\bin;C:\Windows\system32;C:\Windows;C:\Windows\System32\Wbem;C:\Windows\System32\WindowsPowerShell\v1.0\;C:\Windows\System32\OpenSSH\;C:\Program Files\dotnet\;C:\Program Files\Microsoft SQL Server\130\Tools\Binn\;F:\Cygwin\bin;F:\Program Files\MATLAB\R2016a\runtime\win64;F:\Program Files\MATLAB\R2016a\bin;F:\Program Files\MATLAB\R2016a\polyspace\bin;C:\Users\Lenovo\AppData\Local\Google\Chrome\Application;F:\Program Files\redis-win-3.2.100;F:\Program Files\Scripts\;F:\Program Files\;C:\Program Files\MySQL\MySQL Server 8.0\bin;C:\Program Files\Java\jdk1.8.0_181;C:\Users\Lenovo\AppData\Local\Microsoft\WindowsApps;F:\Cygwin\bin;C:\ProgramData\Lenovo\GitHubDesktop\bin;F:\Program Files\nodejs\node_global;C:\Program Files\JetBrains\PyCharm 2018.3.4\bin;;E:\ºæ’Ò—‡\PyCharm Community Edition 2018.3.5\bin;;;C:\Users\Lenovo\Desktop;
USERNAME=Lenovo
OS=Windows_NT
PROCESSOR_IDENTIFIER=Intel64 Family 6 Model 78 Stepping 3, GenuineIntel



---------------  S Y S T E M  ---------------

OS: Windows 10.0 , 64 bit Build 17134 (10.0.17134.1)

CPU:total 4 (initial active 4) (2 cores per cpu, 2 threads per core) family 6 model 78 stepping 3, cmov, cx8, fxsr, mmx, sse, sse2, sse3, ssse3, sse4.1, sse4.2, popcnt, avx, avx2, aes, clmul, erms, 3dnowpref, lzcnt, ht, tsc, tscinvbit, bmi1, bmi2, adx

Memory: 4k page, physical 4097960k(358236k free), swap 8513256k(5592k free)

vm_info: Java HotSpot(TM) 64-Bit Server VM (25.181-b13) for windows-amd64 JRE (1.8.0_181-b13), built on Jul  7 2018 04:01:33 by "java_re" with MS VC++ 10.0 (VS2010)

time: Sun Apr 28 22:24:05 2019
elapsed time: 5 seconds (0d 0h 0m 5s)

