#
# There is insufficient memory for the Java Runtime Environment to continue.
# Native memory allocation (malloc) failed to allocate 274256 bytes for Chunk::new
# Possible reasons:
#   The system is out of physical RAM or swap space
#   In 32 bit mode, the process size limit was hit
# Possible solutions:
#   Reduce memory load on the system
#   Increase physical memory or swap space
#   Check if swap backing store is full
#   Use 64 bit Java on a 64 bit OS
#   Decrease Java heap size (-Xmx/-Xms)
#   Decrease number of Java threads
#   Decrease Java thread stack sizes (-Xss)
#   Set larger code cache with -XX:ReservedCodeCacheSize=
# This output file may be truncated or incomplete.
#
#  Out of Memory Error (allocation.cpp:390), pid=16020, tid=0x00000000000035e4
#
# JRE version: Java(TM) SE Runtime Environment (8.0_181-b13) (build 1.8.0_181-b13)
# Java VM: Java HotSpot(TM) 64-Bit Server VM (25.181-b13 mixed mode windows-amd64 compressed oops)
# Failed to write core dump. Minidumps are not enabled by default on client versions of Windows
#

---------------  T H R E A D  ---------------

Current thread (0x0000000016796800):  JavaThread "C2 CompilerThread1" daemon [_thread_in_native, id=13796, stack(0x0000000016e90000,0x0000000016f90000)]

Stack: [0x0000000016e90000,0x0000000016f90000]
[error occurred during error reporting (printing stack bounds), id 0xc0000005]

Native frames: (J=compiled Java code, j=interpreted, Vv=VM code, C=native code)


Current CompileTask:
C2:   2395 1510       4       java.io.WinNTFileSystem::normalize (143 bytes)


---------------  P R O C E S S  ---------------

Java Threads: ( => current thread )
  0x0000000017e03000 JavaThread "Thread-2" [_thread_in_Java, id=5256, stack(0x000000001a8f0000,0x000000001a9f0000)]
  0x0000000017ca2800 JavaThread "background-preinit" [_thread_in_vm, id=15312, stack(0x0000000018b10000,0x0000000018c10000)]
  0x0000000016820000 JavaThread "Service Thread" daemon [_thread_blocked, id=14412, stack(0x0000000017090000,0x0000000017190000)]
  0x00000000167a6800 JavaThread "C1 CompilerThread2" daemon [_thread_in_vm, id=13600, stack(0x0000000016f90000,0x0000000017090000)]
=>0x0000000016796800 JavaThread "C2 CompilerThread1" daemon [_thread_in_native, id=13796, stack(0x0000000016e90000,0x0000000016f90000)]
  0x0000000016793800 JavaThread "C2 CompilerThread0" daemon [_thread_in_native, id=13028, stack(0x0000000016d90000,0x0000000016e90000)]
  0x000000001543e800 JavaThread "Attach Listener" daemon [_thread_blocked, id=14920, stack(0x0000000016c90000,0x0000000016d90000)]
  0x0000000016792800 JavaThread "Signal Dispatcher" daemon [_thread_blocked, id=13184, stack(0x0000000016b90000,0x0000000016c90000)]
  0x00000000153ce800 JavaThread "Finalizer" daemon [_thread_blocked, id=288, stack(0x0000000016630000,0x0000000016730000)]
  0x0000000002dd6000 JavaThread "Reference Handler" daemon [_thread_blocked, id=13988, stack(0x0000000016530000,0x0000000016630000)]
  0x0000000002ce5800 JavaThread "main" [_thread_in_Java, id=15492, stack(0x0000000002be0000,0x0000000002ce0000)]

Other Threads:
  0x00000000153a7800 VMThread [stack: 0x0000000016430000,0x0000000016530000] [id=13684]
  0x00000000168a7000 WatcherThread [stack: 0x0000000017190000,0x0000000017290000] [id=11336]

VM state:not at safepoint (normal execution)

VM Mutex/Monitor currently owned by a thread: None

Heap:
 PSYoungGen      total 35328K, used 25019K [0x00000000eb200000, 0x00000000efe00000, 0x0000000100000000)
  eden space 32768K, 68% used [0x00000000eb200000,0x00000000ec7f0d20,0x00000000ed200000)
  from space 2560K, 99% used [0x00000000ed200000,0x00000000ed47e010,0x00000000ed480000)
  to   space 6144K, 0% used [0x00000000ef800000,0x00000000ef800000,0x00000000efe00000)
 ParOldGen       total 44032K, used 8979K [0x00000000c1600000, 0x00000000c4100000, 0x00000000eb200000)
  object space 44032K, 20% used [0x00000000c1600000,0x00000000c1ec4c68,0x00000000c4100000)
 Metaspace       used 19338K, capacity 19892K, committed 20096K, reserved 1069056K
  class space    used 2463K, capacity 2596K, committed 2688K, reserved 1048576K

Card table byte_map: [0x00000000121a0000,0x00000000123a0000] byte_map_base: 0x0000000011b95000

Marking Bits: (ParMarkBitMap*) 0x0000000058272d00
 Begin Bits: [0x00000000128f0000, 0x0000000013898000)
 End Bits:   [0x0000000013898000, 0x0000000014840000)

Polling page: 0x00000000007f0000

CodeCache: size=245760Kb used=5247Kb max_used=5247Kb free=240512Kb
 bounds [0x0000000002de0000, 0x0000000003310000, 0x0000000011de0000]
 total_blobs=1906 nmethods=1544 adapters=274
 compilation: enabled

Compilation events (10 events):
Event: 2.382 Thread 0x00000000167a6800 nmethod 1534 0x00000000032fb310 code [0x00000000032fb4c0, 0x00000000032fb8c8]
Event: 2.382 Thread 0x00000000167a6800 1542       3       java.util.HashSet::size (8 bytes)
Event: 2.382 Thread 0x00000000167a6800 nmethod 1542 0x00000000032fbb10 code [0x00000000032fbc60, 0x00000000032fbe50]
Event: 2.388 Thread 0x00000000167a6800 1543       1       java.util.Collections$EmptyList::isEmpty (2 bytes)
Event: 2.388 Thread 0x00000000167a6800 nmethod 1543 0x00000000032d9550 code [0x00000000032d96a0, 0x00000000032d97b0]
Event: 2.390 Thread 0x00000000167a6800 1544       3       java.util.ArrayDeque::peek (5 bytes)
Event: 2.390 Thread 0x00000000167a6800 nmethod 1544 0x00000000032fbf10 code [0x00000000032fc080, 0x00000000032fc2d0]
Event: 2.391 Thread 0x00000000167a6800 1545       3       org.springframework.boot.context.properties.source.SpringConfigurationPropertySources$SourcesIterator::fetchNext (138 bytes)
Event: 2.392 Thread 0x00000000167a6800 nmethod 1545 0x00000000032fc410 code [0x00000000032fc6e0, 0x00000000032fdd38]
Event: 2.392 Thread 0x00000000167a6800 1546       3       org.springframework.boot.context.properties.source.ConfigurationPropertyName::elementEquals (208 bytes)

GC Heap History (10 events):
Event: 0.716 GC heap before
{Heap before GC invocations=1 (full 0):
 PSYoungGen      total 18944K, used 16384K [0x00000000eb200000, 0x00000000ec700000, 0x0000000100000000)
  eden space 16384K, 100% used [0x00000000eb200000,0x00000000ec200000,0x00000000ec200000)
  from space 2560K, 0% used [0x00000000ec480000,0x00000000ec480000,0x00000000ec700000)
  to   space 2560K, 0% used [0x00000000ec200000,0x00000000ec200000,0x00000000ec480000)
 ParOldGen       total 44032K, used 0K [0x00000000c1600000, 0x00000000c4100000, 0x00000000eb200000)
  object space 44032K, 0% used [0x00000000c1600000,0x00000000c1600000,0x00000000c4100000)
 Metaspace       used 7084K, capacity 7308K, committed 7424K, reserved 1056768K
  class space    used 835K, capacity 908K, committed 1024K, reserved 1048576K
Event: 0.720 GC heap after
Heap after GC invocations=1 (full 0):
 PSYoungGen      total 18944K, used 2542K [0x00000000eb200000, 0x00000000ec700000, 0x0000000100000000)
  eden space 16384K, 0% used [0x00000000eb200000,0x00000000eb200000,0x00000000ec200000)
  from space 2560K, 99% used [0x00000000ec200000,0x00000000ec47b950,0x00000000ec480000)
  to   space 2560K, 0% used [0x00000000ec480000,0x00000000ec480000,0x00000000ec700000)
 ParOldGen       total 44032K, used 874K [0x00000000c1600000, 0x00000000c4100000, 0x00000000eb200000)
  object space 44032K, 1% used [0x00000000c1600000,0x00000000c16da9f8,0x00000000c4100000)
 Metaspace       used 7084K, capacity 7308K, committed 7424K, reserved 1056768K
  class space    used 835K, capacity 908K, committed 1024K, reserved 1048576K
}
Event: 0.938 GC heap before
{Heap before GC invocations=2 (full 0):
 PSYoungGen      total 18944K, used 18926K [0x00000000eb200000, 0x00000000ec700000, 0x0000000100000000)
  eden space 16384K, 100% used [0x00000000eb200000,0x00000000ec200000,0x00000000ec200000)
  from space 2560K, 99% used [0x00000000ec200000,0x00000000ec47b950,0x00000000ec480000)
  to   space 2560K, 0% used [0x00000000ec480000,0x00000000ec480000,0x00000000ec700000)
 ParOldGen       total 44032K, used 874K [0x00000000c1600000, 0x00000000c4100000, 0x00000000eb200000)
  object space 44032K, 1% used [0x00000000c1600000,0x00000000c16da9f8,0x00000000c4100000)
 Metaspace       used 10195K, capacity 10496K, committed 10624K, reserved 1058816K
  class space    used 1215K, capacity 1306K, committed 1408K, reserved 1048576K
Event: 0.943 GC heap after
Heap after GC invocations=2 (full 0):
 PSYoungGen      total 18944K, used 2536K [0x00000000eb200000, 0x00000000ed700000, 0x0000000100000000)
  eden space 16384K, 0% used [0x00000000eb200000,0x00000000eb200000,0x00000000ec200000)
  from space 2560K, 99% used [0x00000000ec480000,0x00000000ec6fa020,0x00000000ec700000)
  to   space 2560K, 0% used [0x00000000ec200000,0x00000000ec200000,0x00000000ec480000)
 ParOldGen       total 44032K, used 2292K [0x00000000c1600000, 0x00000000c4100000, 0x00000000eb200000)
  object space 44032K, 5% used [0x00000000c1600000,0x00000000c183d0b8,0x00000000c4100000)
 Metaspace       used 10195K, capacity 10496K, committed 10624K, reserved 1058816K
  class space    used 1215K, capacity 1306K, committed 1408K, reserved 1048576K
}
Event: 1.095 GC heap before
{Heap before GC invocations=3 (full 0):
 PSYoungGen      total 18944K, used 18920K [0x00000000eb200000, 0x00000000ed700000, 0x0000000100000000)
  eden space 16384K, 100% used [0x00000000eb200000,0x00000000ec200000,0x00000000ec200000)
  from space 2560K, 99% used [0x00000000ec480000,0x00000000ec6fa020,0x00000000ec700000)
  to   space 2560K, 0% used [0x00000000ec200000,0x00000000ec200000,0x00000000ec480000)
 ParOldGen       total 44032K, used 2292K [0x00000000c1600000, 0x00000000c4100000, 0x00000000eb200000)
  object space 44032K, 5% used [0x00000000c1600000,0x00000000c183d0b8,0x00000000c4100000)
 Metaspace       used 12217K, capacity 12612K, committed 12672K, reserved 1060864K
  class space    used 1530K, capacity 1656K, committed 1664K, reserved 1048576K
Event: 1.099 GC heap after
Heap after GC invocations=3 (full 0):
 PSYoungGen      total 18944K, used 2552K [0x00000000eb200000, 0x00000000ed700000, 0x0000000100000000)
  eden space 16384K, 0% used [0x00000000eb200000,0x00000000eb200000,0x00000000ec200000)
  from space 2560K, 99% used [0x00000000ec200000,0x00000000ec47e010,0x00000000ec480000)
  to   space 2560K, 0% used [0x00000000ed480000,0x00000000ed480000,0x00000000ed700000)
 ParOldGen       total 44032K, used 4105K [0x00000000c1600000, 0x00000000c4100000, 0x00000000eb200000)
  object space 44032K, 9% used [0x00000000c1600000,0x00000000c1a02480,0x00000000c4100000)
 Metaspace       used 12217K, capacity 12612K, committed 12672K, reserved 1060864K
  class space    used 1530K, capacity 1656K, committed 1664K, reserved 1048576K
}
Event: 1.867 GC heap before
{Heap before GC invocations=4 (full 0):
 PSYoungGen      total 18944K, used 18936K [0x00000000eb200000, 0x00000000ed700000, 0x0000000100000000)
  eden space 16384K, 100% used [0x00000000eb200000,0x00000000ec200000,0x00000000ec200000)
  from space 2560K, 99% used [0x00000000ec200000,0x00000000ec47e010,0x00000000ec480000)
  to   space 2560K, 0% used [0x00000000ed480000,0x00000000ed480000,0x00000000ed700000)
 ParOldGen       total 44032K, used 4105K [0x00000000c1600000, 0x00000000c4100000, 0x00000000eb200000)
  object space 44032K, 9% used [0x00000000c1600000,0x00000000c1a02480,0x00000000c4100000)
 Metaspace       used 13718K, capacity 14132K, committed 14208K, reserved 1060864K
  class space    used 1786K, capacity 1906K, committed 1920K, reserved 1048576K
Event: 1.872 GC heap after
Heap after GC invocations=4 (full 0):
 PSYoungGen      total 35328K, used 2536K [0x00000000eb200000, 0x00000000ed700000, 0x0000000100000000)
  eden space 32768K, 0% used [0x00000000eb200000,0x00000000eb200000,0x00000000ed200000)
  from space 2560K, 99% used [0x00000000ed480000,0x00000000ed6fa2c0,0x00000000ed700000)
  to   space 2560K, 0% used [0x00000000ed200000,0x00000000ed200000,0x00000000ed480000)
 ParOldGen       total 44032K, used 5620K [0x00000000c1600000, 0x00000000c4100000, 0x00000000eb200000)
  object space 44032K, 12% used [0x00000000c1600000,0x00000000c1b7d288,0x00000000c4100000)
 Metaspace       used 13718K, capacity 14132K, committed 14208K, reserved 1060864K
  class space    used 1786K, capacity 1906K, committed 1920K, reserved 1048576K
}
Event: 2.182 GC heap before
{Heap before GC invocations=5 (full 0):
 PSYoungGen      total 35328K, used 35304K [0x00000000eb200000, 0x00000000ed700000, 0x0000000100000000)
  eden space 32768K, 100% used [0x00000000eb200000,0x00000000ed200000,0x00000000ed200000)
  from space 2560K, 99% used [0x00000000ed480000,0x00000000ed6fa2c0,0x00000000ed700000)
  to   space 2560K, 0% used [0x00000000ed200000,0x00000000ed200000,0x00000000ed480000)
 ParOldGen       total 44032K, used 5620K [0x00000000c1600000, 0x00000000c4100000, 0x00000000eb200000)
  object space 44032K, 12% used [0x00000000c1600000,0x00000000c1b7d288,0x00000000c4100000)
 Metaspace       used 16933K, capacity 17420K, committed 17536K, reserved 1064960K
  class space    used 2249K, capacity 2396K, committed 2432K, reserved 1048576K
Event: 2.190 GC heap after
Heap after GC invocations=5 (full 0):
 PSYoungGen      total 35328K, used 2552K [0x00000000eb200000, 0x00000000efe00000, 0x0000000100000000)
  eden space 32768K, 0% used [0x00000000eb200000,0x00000000eb200000,0x00000000ed200000)
  from space 2560K, 99% used [0x00000000ed200000,0x00000000ed47e010,0x00000000ed480000)
  to   space 6144K, 0% used [0x00000000ef800000,0x00000000ef800000,0x00000000efe00000)
 ParOldGen       total 44032K, used 8979K [0x00000000c1600000, 0x00000000c4100000, 0x00000000eb200000)
  object space 44032K, 20% used [0x00000000c1600000,0x00000000c1ec4c68,0x00000000c4100000)
 Metaspace       used 16933K, capacity 17420K, committed 17536K, reserved 1064960K
  class space    used 2249K, capacity 2396K, committed 2432K, reserved 1048576K
}

Deoptimization events (10 events):
Event: 1.964 Thread 0x0000000002ce5800 Uncommon trap: reason=class_check action=maybe_recompile pc=0x000000000316e42c method=java.util.HashMap.putVal(ILjava/lang/Object;Ljava/lang/Object;ZZ)Ljava/lang/Object; @ 203
Event: 2.035 Thread 0x0000000017ca2800 Uncommon trap: reason=class_check action=maybe_recompile pc=0x000000000316e42c method=java.util.HashMap.putVal(ILjava/lang/Object;Ljava/lang/Object;ZZ)Ljava/lang/Object; @ 203
Event: 2.039 Thread 0x0000000017ca2800 Uncommon trap: reason=class_check action=maybe_recompile pc=0x000000000316e42c method=java.util.HashMap.putVal(ILjava/lang/Object;Ljava/lang/Object;ZZ)Ljava/lang/Object; @ 203
Event: 2.044 Thread 0x0000000017ca2800 Uncommon trap: reason=class_check action=maybe_recompile pc=0x0000000003169fa4 method=java.util.HashMap.putVal(ILjava/lang/Object;Ljava/lang/Object;ZZ)Ljava/lang/Object; @ 203
Event: 2.076 Thread 0x0000000017ca2800 Uncommon trap: reason=unstable_if action=reinterpret pc=0x00000000031e5e38 method=java.util.jar.Manifest$FastInputStream.readLine([BII)I @ 87
Event: 2.181 Thread 0x0000000002ce5800 Uncommon trap: reason=bimorphic action=maybe_recompile pc=0x0000000003270190 method=java.util.HashMap.putVal(ILjava/lang/Object;Ljava/lang/Object;ZZ)Ljava/lang/Object; @ 253
Event: 2.181 Thread 0x0000000002ce5800 Uncommon trap: reason=bimorphic action=maybe_recompile pc=0x0000000003270190 method=java.util.HashMap.putVal(ILjava/lang/Object;Ljava/lang/Object;ZZ)Ljava/lang/Object; @ 253
Event: 2.181 Thread 0x0000000002ce5800 Uncommon trap: reason=bimorphic action=maybe_recompile pc=0x0000000003270190 method=java.util.HashMap.putVal(ILjava/lang/Object;Ljava/lang/Object;ZZ)Ljava/lang/Object; @ 253
Event: 2.194 Thread 0x0000000002ce5800 Uncommon trap: reason=bimorphic action=maybe_recompile pc=0x0000000003270190 method=java.util.HashMap.putVal(ILjava/lang/Object;Ljava/lang/Object;ZZ)Ljava/lang/Object; @ 253
Event: 2.197 Thread 0x0000000002ce5800 Uncommon trap: reason=bimorphic action=maybe_recompile pc=0x000000000326c0fc method=java.util.HashMap.putVal(ILjava/lang/Object;Ljava/lang/Object;ZZ)Ljava/lang/Object; @ 253

Classes redefined (0 events):
No events

Internal exceptions (10 events):
Event: 1.967 Thread 0x0000000002ce5800 Exception <a 'java/lang/ClassNotFoundException': org/springframework/beans/factory/config/BeanFactoryPostProcessorCustomizer> (0x00000000ec0b1348) thrown at [C:\re\workspace\8-2-build-windows-amd64-cygwin\jdk8u181\11358\hotspot\src\share\vm\classfile\syst
Event: 1.968 Thread 0x0000000002ce5800 Exception <a 'java/lang/ClassNotFoundException': org/springframework/core/PriorityOrderedCustomizer> (0x00000000ec0c6e38) thrown at [C:\re\workspace\8-2-build-windows-amd64-cygwin\jdk8u181\11358\hotspot\src\share\vm\classfile\systemDictionary.cpp, line 21
Event: 1.968 Thread 0x0000000002ce5800 Exception <a 'java/lang/ClassNotFoundException': org/springframework/core/OrderedCustomizer> (0x00000000ec173e20) thrown at [C:\re\workspace\8-2-build-windows-amd64-cygwin\jdk8u181\11358\hotspot\src\share\vm\classfile\systemDictionary.cpp, line 210]
Event: 1.969 Thread 0x0000000002ce5800 Exception <a 'java/lang/ClassNotFoundException': org/springframework/context/ResourceLoaderAwareCustomizer> (0x00000000ec18bb70) thrown at [C:\re\workspace\8-2-build-windows-amd64-cygwin\jdk8u181\11358\hotspot\src\share\vm\classfile\systemDictionary.cpp, 
Event: 1.969 Thread 0x0000000002ce5800 Exception <a 'java/lang/ClassNotFoundException': org/springframework/beans/factory/AwareCustomizer> (0x00000000ec1a19e0) thrown at [C:\re\workspace\8-2-build-windows-amd64-cygwin\jdk8u181\11358\hotspot\src\share\vm\classfile\systemDictionary.cpp, line 210
Event: 1.969 Thread 0x0000000002ce5800 Exception <a 'java/lang/ClassNotFoundException': org/springframework/beans/factory/BeanClassLoaderAwareCustomizer> (0x00000000ec1badf0) thrown at [C:\re\workspace\8-2-build-windows-amd64-cygwin\jdk8u181\11358\hotspot\src\share\vm\classfile\systemDictionar
Event: 1.970 Thread 0x0000000002ce5800 Exception <a 'java/lang/ClassNotFoundException': org/springframework/beans/factory/AwareCustomizer> (0x00000000ec1d0c78) thrown at [C:\re\workspace\8-2-build-windows-amd64-cygwin\jdk8u181\11358\hotspot\src\share\vm\classfile\systemDictionary.cpp, line 210
Event: 1.970 Thread 0x0000000002ce5800 Exception <a 'java/lang/ClassNotFoundException': org/springframework/context/EnvironmentAwareCustomizer> (0x00000000ec234420) thrown at [C:\re\workspace\8-2-build-windows-amd64-cygwin\jdk8u181\11358\hotspot\src\share\vm\classfile\systemDictionary.cpp, lin
Event: 1.971 Thread 0x0000000002ce5800 Exception <a 'java/lang/ClassNotFoundException': org/springframework/beans/factory/AwareCustomizer> (0x00000000ec24a188) thrown at [C:\re\workspace\8-2-build-windows-amd64-cygwin\jdk8u181\11358\hotspot\src\share\vm\classfile\systemDictionary.cpp, line 210
Event: 2.010 Thread 0x0000000002ce5800 Exception <a 'java/lang/NoSuchMethodError': java.lang.Object.lambda$comparing$77a9974f$1(Ljava/util/function/Function;Ljava/lang/Object;Ljava/lang/Object;)I> (0x00000000ec656798) thrown at [C:\re\workspace\8-2-build-windows-amd64-cygwin\jdk8u181\11358\hot

Events (10 events):
Event: 2.389 loading class com/fasterxml/jackson/databind/introspect/BasicBeanDescription done
Event: 2.391 loading class com/fasterxml/jackson/databind/DeserializationConfig
Event: 2.391 loading class com/fasterxml/jackson/databind/DeserializationConfig done
Event: 2.392 Thread 0x0000000017e03000 Thread added: 0x0000000017e03000
Event: 2.392 loading class org/springframework/jms/core/JmsTemplate
Event: 2.392 loading class org/springframework/jms/core/JmsTemplate done
Event: 2.392 loading class javax/jms/ConnectionFactory
Event: 2.392 loading class javax/jms/ConnectionFactory done
Event: 2.393 loading class com/fasterxml/jackson/databind/introspect/AnnotatedClassResolver
Event: 2.393 loading class com/fasterxml/jackson/databind/introspect/AnnotatedClassResolver done


Dynamic libraries:
0x00007ff654a80000 - 0x00007ff654ab7000 	C:\Program Files\Java\jre1.8.0_181\bin\javaw.exe
0x00007ffb3e0b0000 - 0x00007ffb3e291000 	C:\Windows\SYSTEM32\ntdll.dll
0x00007ffb3b7d0000 - 0x00007ffb3b882000 	C:\Windows\System32\KERNEL32.DLL
0x00007ffb3a5e0000 - 0x00007ffb3a853000 	C:\Windows\System32\KERNELBASE.dll
0x00007ffb3dfc0000 - 0x00007ffb3e061000 	C:\Windows\System32\ADVAPI32.dll
0x00007ffb3d520000 - 0x00007ffb3d5be000 	C:\Windows\System32\msvcrt.dll
0x00007ffb3d190000 - 0x00007ffb3d1eb000 	C:\Windows\System32\sechost.dll
0x00007ffb3cfb0000 - 0x00007ffb3d0d4000 	C:\Windows\System32\RPCRT4.dll
0x00007ffb3b570000 - 0x00007ffb3b700000 	C:\Windows\System32\USER32.dll
0x00007ffb3a450000 - 0x00007ffb3a470000 	C:\Windows\System32\win32u.dll
0x00007ffb3df90000 - 0x00007ffb3dfb8000 	C:\Windows\System32\GDI32.dll
0x00007ffb3a860000 - 0x00007ffb3a9f2000 	C:\Windows\System32\gdi32full.dll
0x00007ffb3a540000 - 0x00007ffb3a5df000 	C:\Windows\System32\msvcp_win.dll
0x00007ffb3aa00000 - 0x00007ffb3aafa000 	C:\Windows\System32\ucrtbase.dll
0x00007ffb2c050000 - 0x00007ffb2c2b9000 	C:\Windows\WinSxS\amd64_microsoft.windows.common-controls_6595b64144ccf1df_6.0.17134.345_none_fb429a5930656358\COMCTL32.dll
0x00007ffb3d1f0000 - 0x00007ffb3d513000 	C:\Windows\System32\combase.dll
0x00007ffb3a4c0000 - 0x00007ffb3a53a000 	C:\Windows\System32\bcryptPrimitives.dll
0x00007ffb3d5c0000 - 0x00007ffb3d5ed000 	C:\Windows\System32\IMM32.DLL
0x0000000059070000 - 0x0000000059142000 	C:\Program Files\Java\jre1.8.0_181\bin\msvcr100.dll
0x0000000057a50000 - 0x00000000582f2000 	C:\Program Files\Java\jre1.8.0_181\bin\server\jvm.dll
0x00007ffb3e070000 - 0x00007ffb3e078000 	C:\Windows\System32\PSAPI.DLL
0x00007ffb253d0000 - 0x00007ffb253d9000 	C:\Windows\SYSTEM32\WSOCK32.dll
0x00007ffb3d610000 - 0x00007ffb3d67c000 	C:\Windows\System32\WS2_32.dll
0x00007ffb30490000 - 0x00007ffb3049a000 	C:\Windows\SYSTEM32\VERSION.dll
0x00007ffb386c0000 - 0x00007ffb386e3000 	C:\Windows\SYSTEM32\WINMM.dll
0x00007ffb38690000 - 0x00007ffb386ba000 	C:\Windows\SYSTEM32\winmmbase.dll
0x00007ffb3a470000 - 0x00007ffb3a4b9000 	C:\Windows\System32\cfgmgr32.dll
0x0000000059060000 - 0x000000005906f000 	C:\Program Files\Java\jre1.8.0_181\bin\verify.dll
0x0000000059030000 - 0x0000000059059000 	C:\Program Files\Java\jre1.8.0_181\bin\java.dll
0x0000000059010000 - 0x0000000059026000 	C:\Program Files\Java\jre1.8.0_181\bin\zip.dll
0x00007ffb3ba10000 - 0x00007ffb3ce4f000 	C:\Windows\System32\SHELL32.dll
0x00007ffb3d0e0000 - 0x00007ffb3d189000 	C:\Windows\System32\shcore.dll
0x00007ffb3ab00000 - 0x00007ffb3b20d000 	C:\Windows\System32\windows.storage.dll
0x00007ffb3d820000 - 0x00007ffb3d871000 	C:\Windows\System32\shlwapi.dll
0x00007ffb3a410000 - 0x00007ffb3a421000 	C:\Windows\System32\kernel.appcore.dll
0x00007ffb3a3f0000 - 0x00007ffb3a40f000 	C:\Windows\System32\profapi.dll
0x00007ffb3a3a0000 - 0x00007ffb3a3ec000 	C:\Windows\System32\powrprof.dll
0x00007ffb3a390000 - 0x00007ffb3a39a000 	C:\Windows\System32\FLTLIB.DLL
0x0000000059000000 - 0x000000005900d000 	C:\Program Files\Java\jre1.8.0_181\bin\management.dll
0x0000000058fe0000 - 0x0000000058ffa000 	C:\Program Files\Java\jre1.8.0_181\bin\net.dll
0x00007ffb39b90000 - 0x00007ffb39bf6000 	C:\Windows\system32\mswsock.dll
0x00007ffb23010000 - 0x00007ffb23026000 	C:\Windows\system32\napinsp.dll
0x00007ffb22ff0000 - 0x00007ffb2300a000 	C:\Windows\system32\pnrpnsp.dll
0x00007ffb37b30000 - 0x00007ffb37b49000 	C:\Windows\system32\NLAapi.dll
0x00007ffb39950000 - 0x00007ffb39a0e000 	C:\Windows\SYSTEM32\DNSAPI.dll
0x00007ffb3d5f0000 - 0x00007ffb3d5f8000 	C:\Windows\System32\NSI.dll
0x00007ffb39910000 - 0x00007ffb39948000 	C:\Windows\SYSTEM32\IPHLPAPI.DLL
0x00007ffb22fe0000 - 0x00007ffb22fee000 	C:\Windows\System32\winrnr.dll
0x00007ffb323c0000 - 0x00007ffb323d5000 	C:\Windows\System32\wshbth.dll
0x00007ffb2bd20000 - 0x00007ffb2bd2a000 	C:\Windows\System32\rasadhlp.dll
0x00007ffb2d080000 - 0x00007ffb2d0f2000 	C:\Windows\System32\fwpuclnt.dll
0x00007ffb39e70000 - 0x00007ffb39e95000 	C:\Windows\SYSTEM32\bcrypt.dll
0x0000000058fc0000 - 0x0000000058fd1000 	C:\Program Files\Java\jre1.8.0_181\bin\nio.dll

VM Arguments:
jvm_args: -Dfile.encoding=UTF-8 
java_command: edu.bjtu.ee4j.SpringMvcCrudApplication
java_class_path (initial): F:\Users\Lenovo\workspace\GYM_CLUB\target\classes;F:\Maven\repository\org\springframework\boot\spring-boot-starter-data-jpa\2.1.3.RELEASE\spring-boot-starter-data-jpa-2.1.3.RELEASE.jar;F:\Maven\repository\org\springframework\boot\spring-boot-starter-aop\2.1.3.RELEASE\spring-boot-starter-aop-2.1.3.RELEASE.jar;F:\Maven\repository\org\springframework\spring-aop\5.1.5.RELEASE\spring-aop-5.1.5.RELEASE.jar;F:\Maven\repository\org\aspectj\aspectjweaver\1.9.2\aspectjweaver-1.9.2.jar;F:\Maven\repository\org\springframework\boot\spring-boot-starter-jdbc\2.1.3.RELEASE\spring-boot-starter-jdbc-2.1.3.RELEASE.jar;F:\Maven\repository\com\zaxxer\HikariCP\3.2.0\HikariCP-3.2.0.jar;F:\Maven\repository\org\springframework\spring-jdbc\5.1.5.RELEASE\spring-jdbc-5.1.5.RELEASE.jar;F:\Maven\repository\javax\transaction\javax.transaction-api\1.3\javax.transaction-api-1.3.jar;F:\Maven\repository\javax\xml\bind\jaxb-api\2.3.1\jaxb-api-2.3.1.jar;F:\Maven\repository\javax\activation\javax.activation-api\1.2.0\javax.activation-api-1.2.0.jar;F:\Maven\repository\org\hibernate\hibernate-core\5.3.7.Final\hibernate-core-5.3.7.Final.jar;F:\Maven\repository\javax\persistence\javax.persistence-api\2.2\javax.persistence-api-2.2.jar;F:\Maven\repository\net\bytebuddy\byte-buddy\1.9.10\byte-buddy-1.9.10.jar;F:\Maven\repository\antlr\antlr\2.7.7\antlr-2.7.7.jar;F:\Maven\repository\org\jboss\jandex\2.0.5.Final\jandex-2.0.5.Final.jar;F:\Maven\repository\com\fasterxml\classmate\1.4.0\classmate-1.4.0.jar;F:\Maven\repository\org\dom4j\dom4j\2.1.1\dom4j-2.1.1.jar;F:\Maven\repository\org\springframework\data\spring-data-jpa\2.1.5.RELEASE\spring-data-jpa-2.1.5.RELEASE.jar;F:\Maven\repository\org\springframework\data\spring-data-commons\2.1.5.RELEASE\spring-data-commons-2.1.5.RELEASE.jar;F:\Maven\repository\org\springframework\spring-orm\5.1.5.RELEASE\spring-orm-5.1.5.RELEASE.jar;F:\Maven\repository\org\springframework\spring-context\5.1.5.RELEASE\spring-context-5.1.5.RELEASE.jar;F:\Maven\
Launcher Type: SUN_STANDARD

Environment Variables:
JAVA_HOME=C:\Program Files\Java\jdk1.8.0_181
CLASSPATH= .;C:\Program Files\Java\jdk1.8.0_181\lib\dt.jar;C:\Program Files\Java\jdk1.8.0_181\lib\tools.jar;
PATH=C:/Program Files/Java/jdk1.8.0_181/jre/bin/server;C:/Program Files/Java/jdk1.8.0_181/jre/bin;C:/Program Files/Java/jdk1.8.0_181/jre/lib/amd64;D:\Program Files\apache-tomcat-7.0.93-windows-x64\apache-tomcat-7.0.93\bin;C:\Program Files\Java\jdk1.8.0_181\jre\bin;C:\Program Files\Java\jdk1.8.0_181\bin;F:\Program Files\redis-win-3.2.100;F:\Program Files\lib\site-packages\django\bin;F:\Program Files\Scripts;F:\Program Files\Maven\apache-maven-3.5.4\bin;F:\Users\Lenovo\platform-tools;C:\Program Files\MySQL\MySQL Server 8.0\bin;C:\Program Files (x86)\Common Files\Oracle\Java\javapath;F:\app\Lenovo\product\11.2.0\dbhome_1\bin;C:\Windows\system32;C:\Windows;C:\Windows\System32\Wbem;C:\Windows\System32\WindowsPowerShell\v1.0\;C:\Windows\System32\OpenSSH\;C:\Program Files\dotnet\;C:\Program Files\Microsoft SQL Server\130\Tools\Binn\;F:\Cygwin\bin;F:\Program Files\MATLAB\R2016a\runtime\win64;F:\Program Files\MATLAB\R2016a\bin;F:\Program Files\MATLAB\R2016a\polyspace\bin;C:\Users\Lenovo\AppData\Local\Google\Chrome\Application;F:\Program Files\redis-win-3.2.100;F:\Program Files\Scripts\;F:\Program Files\;C:\Program Files\MySQL\MySQL Server 8.0\bin;C:\Program Files\Java\jdk1.8.0_181;C:\Users\Lenovo\AppData\Local\Microsoft\WindowsApps;F:\Cygwin\bin;C:\ProgramData\Lenovo\GitHubDesktop\bin;F:\Program Files\nodejs\node_global;C:\Program Files\JetBrains\PyCharm 2018.3.4\bin;;E:\ºæ’Ò—‡\PyCharm Community Edition 2018.3.5\bin;;;C:\Users\Lenovo\Desktop;
USERNAME=Lenovo
OS=Windows_NT
PROCESSOR_IDENTIFIER=Intel64 Family 6 Model 78 Stepping 3, GenuineIntel



---------------  S Y S T E M  ---------------

OS: Windows 10.0 , 64 bit Build 17134 (10.0.17134.1)

CPU:total 4 (initial active 4) (2 cores per cpu, 2 threads per core) family 6 model 78 stepping 3, cmov, cx8, fxsr, mmx, sse, sse2, sse3, ssse3, sse4.1, sse4.2, popcnt, avx, avx2, aes, clmul, erms, 3dnowpref, lzcnt, ht, tsc, tscinvbit, bmi1, bmi2, adx

Memory: 4k page, physical 4097960k(454600k free), swap 8651884k(3948k free)

vm_info: Java HotSpot(TM) 64-Bit Server VM (25.181-b13) for windows-amd64 JRE (1.8.0_181-b13), built on Jul  7 2018 04:01:33 by "java_re" with MS VC++ 10.0 (VS2010)

time: Sun Apr 28 19:22:15 2019
elapsed time: 2 seconds (0d 0h 0m 2s)

